[1/95] cl /c /Zp8 /GR /W3 /EHs /nologo /MD /D_CRT_SECURE_NO_DEPRECATE /D_SCL_SECURE_NO_DEPRECATE /D_SECURE_SCL=0   /DMATLAB_MEX_FILE  /DMATLAB_MEX_FILE /O2 /Oy- /DNDEBUG /fp:strict /I "." /I "C:\Users\taku7\Documents\drone-master\controller\func_HL_MPCholizontal" /I ".\interface" /I "C:\Program Files\MATLAB\R2020a\extern\include" /I "." -DHAVE_LAPACK_CONFIG_H -DLAPACK_COMPLEX_STRUCTURE -DMW_HAVE_LAPACK_DECLS -DMODEL=F_HL_MPCfunc_mex   rt_nonfinite.c /Fobuild\win64\rt_nonfinite.obj
rt_nonfinite.c
[2/95] cl /c /Zp8 /GR /W3 /EHs /nologo /MD /D_CRT_SECURE_NO_DEPRECATE /D_SCL_SECURE_NO_DEPRECATE /D_SECURE_SCL=0   /DMATLAB_MEX_FILE  /DMATLAB_MEX_FILE /O2 /Oy- /DNDEBUG /fp:strict /I "." /I "C:\Users\taku7\Documents\drone-master\controller\func_HL_MPCholizontal" /I ".\interface" /I "C:\Program Files\MATLAB\R2020a\extern\include" /I "." -DHAVE_LAPACK_CONFIG_H -DLAPACK_COMPLEX_STRUCTURE -DMW_HAVE_LAPACK_DECLS -DMODEL=F_HL_MPCfunc_mex   F_HL_MPCfunc_terminate.c /Fobuild\win64\F_HL_MPCfunc_terminate.obj
F_HL_MPCfunc_terminate.c
[3/95] cl /c /Zp8 /GR /W3 /EHs /nologo /MD /D_CRT_SECURE_NO_DEPRECATE /D_SCL_SECURE_NO_DEPRECATE /D_SECURE_SCL=0   /DMATLAB_MEX_FILE  /DMATLAB_MEX_FILE /O2 /Oy- /DNDEBUG /fp:strict /I "." /I "C:\Users\taku7\Documents\drone-master\controller\func_HL_MPCholizontal" /I ".\interface" /I "C:\Program Files\MATLAB\R2020a\extern\include" /I "." -DHAVE_LAPACK_CONFIG_H -DLAPACK_COMPLEX_STRUCTURE -DMW_HAVE_LAPACK_DECLS -DMODEL=F_HL_MPCfunc_mex   F_HL_MPCfunc_data.c /Fobuild\win64\F_HL_MPCfunc_data.obj
F_HL_MPCfunc_data.c
[4/95] cl /c /Zp8 /GR /W3 /EHs /nologo /MD /D_CRT_SECURE_NO_DEPRECATE /D_SCL_SECURE_NO_DEPRECATE /D_SECURE_SCL=0   /DMATLAB_MEX_FILE  /DMATLAB_MEX_FILE /O2 /Oy- /DNDEBUG /fp:strict /I "." /I "C:\Users\taku7\Documents\drone-master\controller\func_HL_MPCholizontal" /I ".\interface" /I "C:\Program Files\MATLAB\R2020a\extern\include" /I "." -DHAVE_LAPACK_CONFIG_H -DLAPACK_COMPLEX_STRUCTURE -DMW_HAVE_LAPACK_DECLS -DMODEL=F_HL_MPCfunc_mex   ixamax.c /Fobuild\win64\ixamax.obj
ixamax.c
[5/95] cl /c /Zp8 /GR /W3 /EHs /nologo /MD /D_CRT_SECURE_NO_DEPRECATE /D_SCL_SECURE_NO_DEPRECATE /D_SECURE_SCL=0   /DMATLAB_MEX_FILE  /DMATLAB_MEX_FILE /O2 /Oy- /DNDEBUG /fp:strict /I "." /I "C:\Users\taku7\Documents\drone-master\controller\func_HL_MPCholizontal" /I ".\interface" /I "C:\Program Files\MATLAB\R2020a\extern\include" /I "." -DHAVE_LAPACK_CONFIG_H -DLAPACK_COMPLEX_STRUCTURE -DMW_HAVE_LAPACK_DECLS -DMODEL=F_HL_MPCfunc_mex   F_HL_MPCfunc_initialize.c /Fobuild\win64\F_HL_MPCfunc_initialize.obj
F_HL_MPCfunc_initialize.c
[6/95] cl /c /Zp8 /GR /W3 /EHs /nologo /MD /D_CRT_SECURE_NO_DEPRECATE /D_SCL_SECURE_NO_DEPRECATE /D_SECURE_SCL=0   /DMATLAB_MEX_FILE  /DMATLAB_MEX_FILE /O2 /Oy- /DNDEBUG /fp:strict /I "." /I "C:\Users\taku7\Documents\drone-master\controller\func_HL_MPCholizontal" /I ".\interface" /I "C:\Program Files\MATLAB\R2020a\extern\include" /I "." -DHAVE_LAPACK_CONFIG_H -DLAPACK_COMPLEX_STRUCTURE -DMW_HAVE_LAPACK_DECLS -DMODEL=F_HL_MPCfunc_mex   eml_int_forloop_overflow_check.c /Fobuild\win64\eml_int_forloop_overflow_check.obj
eml_int_forloop_overflow_check.c
[7/95] cl /c /Zp8 /GR /W3 /EHs /nologo /MD /D_CRT_SECURE_NO_DEPRECATE /D_SCL_SECURE_NO_DEPRECATE /D_SECURE_SCL=0   /DMATLAB_MEX_FILE  /DMATLAB_MEX_FILE /O2 /Oy- /DNDEBUG /fp:strict /I "." /I "C:\Users\taku7\Documents\drone-master\controller\func_HL_MPCholizontal" /I ".\interface" /I "C:\Program Files\MATLAB\R2020a\extern\include" /I "." -DHAVE_LAPACK_CONFIG_H -DLAPACK_COMPLEX_STRUCTURE -DMW_HAVE_LAPACK_DECLS -DMODEL=F_HL_MPCfunc_mex   checkLinearInputs.c /Fobuild\win64\checkLinearInputs.obj
checkLinearInputs.c
[8/95] cl /c /Zp8 /GR /W3 /EHs /nologo /MD /D_CRT_SECURE_NO_DEPRECATE /D_SCL_SECURE_NO_DEPRECATE /D_SECURE_SCL=0   /DMATLAB_MEX_FILE  /DMATLAB_MEX_FILE /O2 /Oy- /DNDEBUG /fp:strict /I "." /I "C:\Users\taku7\Documents\drone-master\controller\func_HL_MPCholizontal" /I ".\interface" /I "C:\Program Files\MATLAB\R2020a\extern\include" /I "." -DHAVE_LAPACK_CONFIG_H -DLAPACK_COMPLEX_STRUCTURE -DMW_HAVE_LAPACK_DECLS -DMODEL=F_HL_MPCfunc_mex   arrayfun.c /Fobuild\win64\arrayfun.obj
arrayfun.c
[9/95] cl /c /Zp8 /GR /W3 /EHs /nologo /MD /D_CRT_SECURE_NO_DEPRECATE /D_SCL_SECURE_NO_DEPRECATE /D_SECURE_SCL=0   /DMATLAB_MEX_FILE  /DMATLAB_MEX_FILE /O2 /Oy- /DNDEBUG /fp:strict /I "." /I "C:\Users\taku7\Documents\drone-master\controller\func_HL_MPCholizontal" /I ".\interface" /I "C:\Program Files\MATLAB\R2020a\extern\include" /I "." -DHAVE_LAPACK_CONFIG_H -DLAPACK_COMPLEX_STRUCTURE -DMW_HAVE_LAPACK_DECLS -DMODEL=F_HL_MPCfunc_mex   xnrm2.c /Fobuild\win64\xnrm2.obj
xnrm2.c
[10/95] cl /c /Zp8 /GR /W3 /EHs /nologo /MD /D_CRT_SECURE_NO_DEPRECATE /D_SCL_SECURE_NO_DEPRECATE /D_SECURE_SCL=0   /DMATLAB_MEX_FILE  /DMATLAB_MEX_FILE /O2 /Oy- /DNDEBUG /fp:strict /I "." /I "C:\Users\taku7\Documents\drone-master\controller\func_HL_MPCholizontal" /I ".\interface" /I "C:\Program Files\MATLAB\R2020a\extern\include" /I "." -DHAVE_LAPACK_CONFIG_H -DLAPACK_COMPLEX_STRUCTURE -DMW_HAVE_LAPACK_DECLS -DMODEL=F_HL_MPCfunc_mex   det.c /Fobuild\win64\det.obj
det.c
[11/95] cl /c /Zp8 /GR /W3 /EHs /nologo /MD /D_CRT_SECURE_NO_DEPRECATE /D_SCL_SECURE_NO_DEPRECATE /D_SECURE_SCL=0   /DMATLAB_MEX_FILE  /DMATLAB_MEX_FILE /O2 /Oy- /DNDEBUG /fp:strict /I "." /I "C:\Users\taku7\Documents\drone-master\controller\func_HL_MPCholizontal" /I ".\interface" /I "C:\Program Files\MATLAB\R2020a\extern\include" /I "." -DHAVE_LAPACK_CONFIG_H -DLAPACK_COMPLEX_STRUCTURE -DMW_HAVE_LAPACK_DECLS -DMODEL=F_HL_MPCfunc_mex   factorQRE.c /Fobuild\win64\factorQRE.obj
factorQRE.c
[12/95] cl /c /Zp8 /GR /W3 /EHs /nologo /MD /D_CRT_SECURE_NO_DEPRECATE /D_SCL_SECURE_NO_DEPRECATE /D_SECURE_SCL=0   /DMATLAB_MEX_FILE  /DMATLAB_MEX_FILE /O2 /Oy- /DNDEBUG /fp:strict /I "." /I "C:\Users\taku7\Documents\drone-master\controller\func_HL_MPCholizontal" /I ".\interface" /I "C:\Program Files\MATLAB\R2020a\extern\include" /I "." -DHAVE_LAPACK_CONFIG_H -DLAPACK_COMPLEX_STRUCTURE -DMW_HAVE_LAPACK_DECLS -DMODEL=F_HL_MPCfunc_mex   checkNonlinearInputs.c /Fobuild\win64\checkNonlinearInputs.obj
checkNonlinearInputs.c
[13/95] cl /c /Zp8 /GR /W3 /EHs /nologo /MD /D_CRT_SECURE_NO_DEPRECATE /D_SCL_SECURE_NO_DEPRECATE /D_SECURE_SCL=0   /DMATLAB_MEX_FILE  /DMATLAB_MEX_FILE /O2 /Oy- /DNDEBUG /fp:strict /I "." /I "C:\Users\taku7\Documents\drone-master\controller\func_HL_MPCholizontal" /I ".\interface" /I "C:\Program Files\MATLAB\R2020a\extern\include" /I "." -DHAVE_LAPACK_CONFIG_H -DLAPACK_COMPLEX_STRUCTURE -DMW_HAVE_LAPACK_DECLS -DMODEL=F_HL_MPCfunc_mex   fmincon.c /Fobuild\win64\fmincon.obj
fmincon.c
[14/95] cl /c /Zp8 /GR /W3 /EHs /nologo /MD /D_CRT_SECURE_NO_DEPRECATE /D_SCL_SECURE_NO_DEPRECATE /D_SECURE_SCL=0   /DMATLAB_MEX_FILE  /DMATLAB_MEX_FILE /O2 /Oy- /DNDEBUG /fp:strict /I "." /I "C:\Users\taku7\Documents\drone-master\controller\func_HL_MPCholizontal" /I ".\interface" /I "C:\Program Files\MATLAB\R2020a\extern\include" /I "." -DHAVE_LAPACK_CONFIG_H -DLAPACK_COMPLEX_STRUCTURE -DMW_HAVE_LAPACK_DECLS -DMODEL=F_HL_MPCfunc_mex   F_HL_MPCfunc.c /Fobuild\win64\F_HL_MPCfunc.obj
F_HL_MPCfunc.c
[15/95] cl /c /Zp8 /GR /W3 /EHs /nologo /MD /D_CRT_SECURE_NO_DEPRECATE /D_SCL_SECURE_NO_DEPRECATE /D_SECURE_SCL=0   /DMATLAB_MEX_FILE  /DMATLAB_MEX_FILE /O2 /Oy- /DNDEBUG /fp:strict /I "." /I "C:\Users\taku7\Documents\drone-master\controller\func_HL_MPCholizontal" /I ".\interface" /I "C:\Program Files\MATLAB\R2020a\extern\include" /I "." -DHAVE_LAPACK_CONFIG_H -DLAPACK_COMPLEX_STRUCTURE -DMW_HAVE_LAPACK_DECLS -DMODEL=F_HL_MPCfunc_mex   saveJacobian.c /Fobuild\win64\saveJacobian.obj
saveJacobian.c
[16/95] cl /c /Zp8 /GR /W3 /EHs /nologo /MD /D_CRT_SECURE_NO_DEPRECATE /D_SCL_SECURE_NO_DEPRECATE /D_SECURE_SCL=0   /DMATLAB_MEX_FILE  /DMATLAB_MEX_FILE /O2 /Oy- /DNDEBUG /fp:strict /I "." /I "C:\Users\taku7\Documents\drone-master\controller\func_HL_MPCholizontal" /I ".\interface" /I "C:\Program Files\MATLAB\R2020a\extern\include" /I "." -DHAVE_LAPACK_CONFIG_H -DLAPACK_COMPLEX_STRUCTURE -DMW_HAVE_LAPACK_DECLS -DMODEL=F_HL_MPCfunc_mex   computeObjective_.c /Fobuild\win64\computeObjective_.obj
computeObjective_.c
[17/95] cl /c /Zp8 /GR /W3 /EHs /nologo /MD /D_CRT_SECURE_NO_DEPRECATE /D_SCL_SECURE_NO_DEPRECATE /D_SECURE_SCL=0   /DMATLAB_MEX_FILE  /DMATLAB_MEX_FILE /O2 /Oy- /DNDEBUG /fp:strict /I "." /I "C:\Users\taku7\Documents\drone-master\controller\func_HL_MPCholizontal" /I ".\interface" /I "C:\Program Files\MATLAB\R2020a\extern\include" /I "." -DHAVE_LAPACK_CONFIG_H -DLAPACK_COMPLEX_STRUCTURE -DMW_HAVE_LAPACK_DECLS -DMODEL=F_HL_MPCfunc_mex   evalObjAndConstrAndDerivatives.c /Fobuild\win64\evalObjAndConstrAndDerivatives.obj
evalObjAndConstrAndDerivatives.c
[18/95] cl /c /Zp8 /GR /W3 /EHs /nologo /MD /D_CRT_SECURE_NO_DEPRECATE /D_SCL_SECURE_NO_DEPRECATE /D_SECURE_SCL=0   /DMATLAB_MEX_FILE  /DMATLAB_MEX_FILE /O2 /Oy- /DNDEBUG /fp:strict /I "." /I "C:\Users\taku7\Documents\drone-master\controller\func_HL_MPCholizontal" /I ".\interface" /I "C:\Program Files\MATLAB\R2020a\extern\include" /I "." -DHAVE_LAPACK_CONFIG_H -DLAPACK_COMPLEX_STRUCTURE -DMW_HAVE_LAPACK_DECLS -DMODEL=F_HL_MPCfunc_mex   computeConstraints_.c /Fobuild\win64\computeConstraints_.obj
computeConstraints_.c
[19/95] cl /c /Zp8 /GR /W3 /EHs /nologo /MD /D_CRT_SECURE_NO_DEPRECATE /D_SCL_SECURE_NO_DEPRECATE /D_SECURE_SCL=0   /DMATLAB_MEX_FILE  /DMATLAB_MEX_FILE /O2 /Oy- /DNDEBUG /fp:strict /I "." /I "C:\Users\taku7\Documents\drone-master\controller\func_HL_MPCholizontal" /I ".\interface" /I "C:\Program Files\MATLAB\R2020a\extern\include" /I "." -DHAVE_LAPACK_CONFIG_H -DLAPACK_COMPLEX_STRUCTURE -DMW_HAVE_LAPACK_DECLS -DMODEL=F_HL_MPCfunc_mex   squareQ_appendCol.c /Fobuild\win64\squareQ_appendCol.obj
squareQ_appendCol.c
[20/95] cl /c /Zp8 /GR /W3 /EHs /nologo /MD /D_CRT_SECURE_NO_DEPRECATE /D_SCL_SECURE_NO_DEPRECATE /D_SECURE_SCL=0   /DMATLAB_MEX_FILE  /DMATLAB_MEX_FILE /O2 /Oy- /DNDEBUG /fp:strict /I "." /I "C:\Users\taku7\Documents\drone-master\controller\func_HL_MPCholizontal" /I ".\interface" /I "C:\Program Files\MATLAB\R2020a\extern\include" /I "." -DHAVE_LAPACK_CONFIG_H -DLAPACK_COMPLEX_STRUCTURE -DMW_HAVE_LAPACK_DECLS -DMODEL=F_HL_MPCfunc_mex   xcopy.c /Fobuild\win64\xcopy.obj
xcopy.c
[21/95] cl /c /Zp8 /GR /W3 /EHs /nologo /MD /D_CRT_SECURE_NO_DEPRECATE /D_SCL_SECURE_NO_DEPRECATE /D_SECURE_SCL=0   /DMATLAB_MEX_FILE  /DMATLAB_MEX_FILE /O2 /Oy- /DNDEBUG /fp:strict /I "." /I "C:\Users\taku7\Documents\drone-master\controller\func_HL_MPCholizontal" /I ".\interface" /I "C:\Program Files\MATLAB\R2020a\extern\include" /I "." -DHAVE_LAPACK_CONFIG_H -DLAPACK_COMPLEX_STRUCTURE -DMW_HAVE_LAPACK_DECLS -DMODEL=F_HL_MPCfunc_mex   factor.c /Fobuild\win64\factor.obj
factor.c
[22/95] cl /c /Zp8 /GR /W3 /EHs /nologo /MD /D_CRT_SECURE_NO_DEPRECATE /D_SCL_SECURE_NO_DEPRECATE /D_SECURE_SCL=0   /DMATLAB_MEX_FILE  /DMATLAB_MEX_FILE /O2 /Oy- /DNDEBUG /fp:strict /I "." /I "C:\Users\taku7\Documents\drone-master\controller\func_HL_MPCholizontal" /I ".\interface" /I "C:\Program Files\MATLAB\R2020a\extern\include" /I "." -DHAVE_LAPACK_CONFIG_H -DLAPACK_COMPLEX_STRUCTURE -DMW_HAVE_LAPACK_DECLS -DMODEL=F_HL_MPCfunc_mex   finDiffEvalAndChkErr.c /Fobuild\win64\finDiffEvalAndChkErr.obj
finDiffEvalAndChkErr.c
[23/95] cl /c /Zp8 /GR /W3 /EHs /nologo /MD /D_CRT_SECURE_NO_DEPRECATE /D_SCL_SECURE_NO_DEPRECATE /D_SECURE_SCL=0   /DMATLAB_MEX_FILE  /DMATLAB_MEX_FILE /O2 /Oy- /DNDEBUG /fp:strict /I "." /I "C:\Users\taku7\Documents\drone-master\controller\func_HL_MPCholizontal" /I ".\interface" /I "C:\Program Files\MATLAB\R2020a\extern\include" /I "." -DHAVE_LAPACK_CONFIG_H -DLAPACK_COMPLEX_STRUCTURE -DMW_HAVE_LAPACK_DECLS -DMODEL=F_HL_MPCfunc_mex   solve.c /Fobuild\win64\solve.obj
solve.c
[24/95] cl /c /Zp8 /GR /W3 /EHs /nologo /MD /D_CRT_SECURE_NO_DEPRECATE /D_SCL_SECURE_NO_DEPRECATE /D_SECURE_SCL=0   /DMATLAB_MEX_FILE  /DMATLAB_MEX_FILE /O2 /Oy- /DNDEBUG /fp:strict /I "." /I "C:\Users\taku7\Documents\drone-master\controller\func_HL_MPCholizontal" /I ".\interface" /I "C:\Program Files\MATLAB\R2020a\extern\include" /I "." -DHAVE_LAPACK_CONFIG_H -DLAPACK_COMPLEX_STRUCTURE -DMW_HAVE_LAPACK_DECLS -DMODEL=F_HL_MPCfunc_mex   factorQR.c /Fobuild\win64\factorQR.obj
factorQR.c
[25/95] cl /c /Zp8 /GR /W3 /EHs /nologo /MD /D_CRT_SECURE_NO_DEPRECATE /D_SCL_SECURE_NO_DEPRECATE /D_SECURE_SCL=0   /DMATLAB_MEX_FILE  /DMATLAB_MEX_FILE /O2 /Oy- /DNDEBUG /fp:strict /I "." /I "C:\Users\taku7\Documents\drone-master\controller\func_HL_MPCholizontal" /I ".\interface" /I "C:\Program Files\MATLAB\R2020a\extern\include" /I "." -DHAVE_LAPACK_CONFIG_H -DLAPACK_COMPLEX_STRUCTURE -DMW_HAVE_LAPACK_DECLS -DMODEL=F_HL_MPCfunc_mex   removeAllIneqConstr.c /Fobuild\win64\removeAllIneqConstr.obj
removeAllIneqConstr.c
[26/95] cl /c /Zp8 /GR /W3 /EHs /nologo /MD /D_CRT_SECURE_NO_DEPRECATE /D_SCL_SECURE_NO_DEPRECATE /D_SECURE_SCL=0   /DMATLAB_MEX_FILE  /DMATLAB_MEX_FILE /O2 /Oy- /DNDEBUG /fp:strict /I "." /I "C:\Users\taku7\Documents\drone-master\controller\func_HL_MPCholizontal" /I ".\interface" /I "C:\Program Files\MATLAB\R2020a\extern\include" /I "." -DHAVE_LAPACK_CONFIG_H -DLAPACK_COMPLEX_STRUCTURE -DMW_HAVE_LAPACK_DECLS -DMODEL=F_HL_MPCfunc_mex   factoryConstruct.c /Fobuild\win64\factoryConstruct.obj
factoryConstruct.c
[27/95] cl /c /Zp8 /GR /W3 /EHs /nologo /MD /D_CRT_SECURE_NO_DEPRECATE /D_SCL_SECURE_NO_DEPRECATE /D_SECURE_SCL=0   /DMATLAB_MEX_FILE  /DMATLAB_MEX_FILE /O2 /Oy- /DNDEBUG /fp:strict /I "." /I "C:\Users\taku7\Documents\drone-master\controller\func_HL_MPCholizontal" /I ".\interface" /I "C:\Program Files\MATLAB\R2020a\extern\include" /I "." -DHAVE_LAPACK_CONFIG_H -DLAPACK_COMPLEX_STRUCTURE -DMW_HAVE_LAPACK_DECLS -DMODEL=F_HL_MPCfunc_mex   computeFiniteDifferences.c /Fobuild\win64\computeFiniteDifferences.obj
computeFiniteDifferences.c
[28/95] cl /c /Zp8 /GR /W3 /EHs /nologo /MD /D_CRT_SECURE_NO_DEPRECATE /D_SCL_SECURE_NO_DEPRECATE /D_SECURE_SCL=0   /DMATLAB_MEX_FILE  /DMATLAB_MEX_FILE /O2 /Oy- /DNDEBUG /fp:strict /I "." /I "C:\Users\taku7\Documents\drone-master\controller\func_HL_MPCholizontal" /I ".\interface" /I "C:\Program Files\MATLAB\R2020a\extern\include" /I "." -DHAVE_LAPACK_CONFIG_H -DLAPACK_COMPLEX_STRUCTURE -DMW_HAVE_LAPACK_DECLS -DMODEL=F_HL_MPCfunc_mex   setProblemType.c /Fobuild\win64\setProblemType.obj
setProblemType.c
[29/95] cl /c /Zp8 /GR /W3 /EHs /nologo /MD /D_CRT_SECURE_NO_DEPRECATE /D_SCL_SECURE_NO_DEPRECATE /D_SECURE_SCL=0   /DMATLAB_MEX_FILE  /DMATLAB_MEX_FILE /O2 /Oy- /DNDEBUG /fp:strict /I "." /I "C:\Users\taku7\Documents\drone-master\controller\func_HL_MPCholizontal" /I ".\interface" /I "C:\Program Files\MATLAB\R2020a\extern\include" /I "." -DHAVE_LAPACK_CONFIG_H -DLAPACK_COMPLEX_STRUCTURE -DMW_HAVE_LAPACK_DECLS -DMODEL=F_HL_MPCfunc_mex   linearForm_.c /Fobuild\win64\linearForm_.obj
linearForm_.c
[30/95] cl /c /Zp8 /GR /W3 /EHs /nologo /MD /D_CRT_SECURE_NO_DEPRECATE /D_SCL_SECURE_NO_DEPRECATE /D_SECURE_SCL=0   /DMATLAB_MEX_FILE  /DMATLAB_MEX_FILE /O2 /Oy- /DNDEBUG /fp:strict /I "." /I "C:\Users\taku7\Documents\drone-master\controller\func_HL_MPCholizontal" /I ".\interface" /I "C:\Program Files\MATLAB\R2020a\extern\include" /I "." -DHAVE_LAPACK_CONFIG_H -DLAPACK_COMPLEX_STRUCTURE -DMW_HAVE_LAPACK_DECLS -DMODEL=F_HL_MPCfunc_mex   modifyOverheadPhaseOne_.c /Fobuild\win64\modifyOverheadPhaseOne_.obj
modifyOverheadPhaseOne_.c
[31/95] cl /c /Zp8 /GR /W3 /EHs /nologo /MD /D_CRT_SECURE_NO_DEPRECATE /D_SCL_SECURE_NO_DEPRECATE /D_SECURE_SCL=0   /DMATLAB_MEX_FILE  /DMATLAB_MEX_FILE /O2 /Oy- /DNDEBUG /fp:strict /I "." /I "C:\Users\taku7\Documents\drone-master\controller\func_HL_MPCholizontal" /I ".\interface" /I "C:\Program Files\MATLAB\R2020a\extern\include" /I "." -DHAVE_LAPACK_CONFIG_H -DLAPACK_COMPLEX_STRUCTURE -DMW_HAVE_LAPACK_DECLS -DMODEL=F_HL_MPCfunc_mex   addAeqConstr.c /Fobuild\win64\addAeqConstr.obj
addAeqConstr.c
[32/95] cl /c /Zp8 /GR /W3 /EHs /nologo /MD /D_CRT_SECURE_NO_DEPRECATE /D_SCL_SECURE_NO_DEPRECATE /D_SECURE_SCL=0   /DMATLAB_MEX_FILE  /DMATLAB_MEX_FILE /O2 /Oy- /DNDEBUG /fp:strict /I "." /I "C:\Users\taku7\Documents\drone-master\controller\func_HL_MPCholizontal" /I ".\interface" /I "C:\Program Files\MATLAB\R2020a\extern\include" /I "." -DHAVE_LAPACK_CONFIG_H -DLAPACK_COMPLEX_STRUCTURE -DMW_HAVE_LAPACK_DECLS -DMODEL=F_HL_MPCfunc_mex   modifyOverheadRegularized_.c /Fobuild\win64\modifyOverheadRegularized_.obj
modifyOverheadRegularized_.c
[33/95] cl /c /Zp8 /GR /W3 /EHs /nologo /MD /D_CRT_SECURE_NO_DEPRECATE /D_SCL_SECURE_NO_DEPRECATE /D_SECURE_SCL=0   /DMATLAB_MEX_FILE  /DMATLAB_MEX_FILE /O2 /Oy- /DNDEBUG /fp:strict /I "." /I "C:\Users\taku7\Documents\drone-master\controller\func_HL_MPCholizontal" /I ".\interface" /I "C:\Program Files\MATLAB\R2020a\extern\include" /I "." -DHAVE_LAPACK_CONFIG_H -DLAPACK_COMPLEX_STRUCTURE -DMW_HAVE_LAPACK_DECLS -DMODEL=F_HL_MPCfunc_mex   moveConstraint_.c /Fobuild\win64\moveConstraint_.obj
moveConstraint_.c
[34/95] cl /c /Zp8 /GR /W3 /EHs /nologo /MD /D_CRT_SECURE_NO_DEPRECATE /D_SCL_SECURE_NO_DEPRECATE /D_SECURE_SCL=0   /DMATLAB_MEX_FILE  /DMATLAB_MEX_FILE /O2 /Oy- /DNDEBUG /fp:strict /I "." /I "C:\Users\taku7\Documents\drone-master\controller\func_HL_MPCholizontal" /I ".\interface" /I "C:\Program Files\MATLAB\R2020a\extern\include" /I "." -DHAVE_LAPACK_CONFIG_H -DLAPACK_COMPLEX_STRUCTURE -DMW_HAVE_LAPACK_DECLS -DMODEL=F_HL_MPCfunc_mex   computeGrad_StoreHx.c /Fobuild\win64\computeGrad_StoreHx.obj
computeGrad_StoreHx.c
[35/95] cl /c /Zp8 /GR /W3 /EHs /nologo /MD /D_CRT_SECURE_NO_DEPRECATE /D_SCL_SECURE_NO_DEPRECATE /D_SECURE_SCL=0   /DMATLAB_MEX_FILE  /DMATLAB_MEX_FILE /O2 /Oy- /DNDEBUG /fp:strict /I "." /I "C:\Users\taku7\Documents\drone-master\controller\func_HL_MPCholizontal" /I ".\interface" /I "C:\Program Files\MATLAB\R2020a\extern\include" /I "." -DHAVE_LAPACK_CONFIG_H -DLAPACK_COMPLEX_STRUCTURE -DMW_HAVE_LAPACK_DECLS -DMODEL=F_HL_MPCfunc_mex   computeFval_ReuseHx.c /Fobuild\win64\computeFval_ReuseHx.obj
computeFval_ReuseHx.c
[36/95] cl /c /Zp8 /GR /W3 /EHs /nologo /MD /D_CRT_SECURE_NO_DEPRECATE /D_SCL_SECURE_NO_DEPRECATE /D_SECURE_SCL=0   /DMATLAB_MEX_FILE  /DMATLAB_MEX_FILE /O2 /Oy- /DNDEBUG /fp:strict /I "." /I "C:\Users\taku7\Documents\drone-master\controller\func_HL_MPCholizontal" /I ".\interface" /I "C:\Program Files\MATLAB\R2020a\extern\include" /I "." -DHAVE_LAPACK_CONFIG_H -DLAPACK_COMPLEX_STRUCTURE -DMW_HAVE_LAPACK_DECLS -DMODEL=F_HL_MPCfunc_mex   computeFval.c /Fobuild\win64\computeFval.obj
computeFval.c
[37/95] cl /c /Zp8 /GR /W3 /EHs /nologo /MD /D_CRT_SECURE_NO_DEPRECATE /D_SCL_SECURE_NO_DEPRECATE /D_SECURE_SCL=0   /DMATLAB_MEX_FILE  /DMATLAB_MEX_FILE /O2 /Oy- /DNDEBUG /fp:strict /I "." /I "C:\Users\taku7\Documents\drone-master\controller\func_HL_MPCholizontal" /I ".\interface" /I "C:\Program Files\MATLAB\R2020a\extern\include" /I "." -DHAVE_LAPACK_CONFIG_H -DLAPACK_COMPLEX_STRUCTURE -DMW_HAVE_LAPACK_DECLS -DMODEL=F_HL_MPCfunc_mex   maxConstraintViolation.c /Fobuild\win64\maxConstraintViolation.obj
maxConstraintViolation.c
[38/95] cl /c /Zp8 /GR /W3 /EHs /nologo /MD /D_CRT_SECURE_NO_DEPRECATE /D_SCL_SECURE_NO_DEPRECATE /D_SECURE_SCL=0   /DMATLAB_MEX_FILE  /DMATLAB_MEX_FILE /O2 /Oy- /DNDEBUG /fp:strict /I "." /I "C:\Users\taku7\Documents\drone-master\controller\func_HL_MPCholizontal" /I ".\interface" /I "C:\Program Files\MATLAB\R2020a\extern\include" /I "." -DHAVE_LAPACK_CONFIG_H -DLAPACK_COMPLEX_STRUCTURE -DMW_HAVE_LAPACK_DECLS -DMODEL=F_HL_MPCfunc_mex   factoryConstruct1.c /Fobuild\win64\factoryConstruct1.obj
factoryConstruct1.c
[39/95] cl /c /Zp8 /GR /W3 /EHs /nologo /MD /D_CRT_SECURE_NO_DEPRECATE /D_SCL_SECURE_NO_DEPRECATE /D_SECURE_SCL=0   /DMATLAB_MEX_FILE  /DMATLAB_MEX_FILE /O2 /Oy- /DNDEBUG /fp:strict /I "." /I "C:\Users\taku7\Documents\drone-master\controller\func_HL_MPCholizontal" /I ".\interface" /I "C:\Program Files\MATLAB\R2020a\extern\include" /I "." -DHAVE_LAPACK_CONFIG_H -DLAPACK_COMPLEX_STRUCTURE -DMW_HAVE_LAPACK_DECLS -DMODEL=F_HL_MPCfunc_mex   xasum.c /Fobuild\win64\xasum.obj
xasum.c
[40/95] cl /c /Zp8 /GR /W3 /EHs /nologo /MD /D_CRT_SECURE_NO_DEPRECATE /D_SCL_SECURE_NO_DEPRECATE /D_SECURE_SCL=0   /DMATLAB_MEX_FILE  /DMATLAB_MEX_FILE /O2 /Oy- /DNDEBUG /fp:strict /I "." /I "C:\Users\taku7\Documents\drone-master\controller\func_HL_MPCholizontal" /I ".\interface" /I "C:\Program Files\MATLAB\R2020a\extern\include" /I "." -DHAVE_LAPACK_CONFIG_H -DLAPACK_COMPLEX_STRUCTURE -DMW_HAVE_LAPACK_DECLS -DMODEL=F_HL_MPCfunc_mex   test_exit.c /Fobuild\win64\test_exit.obj
test_exit.c
[41/95] cl /c /Zp8 /GR /W3 /EHs /nologo /MD /D_CRT_SECURE_NO_DEPRECATE /D_SCL_SECURE_NO_DEPRECATE /D_SECURE_SCL=0   /DMATLAB_MEX_FILE  /DMATLAB_MEX_FILE /O2 /Oy- /DNDEBUG /fp:strict /I "." /I "C:\Users\taku7\Documents\drone-master\controller\func_HL_MPCholizontal" /I ".\interface" /I "C:\Program Files\MATLAB\R2020a\extern\include" /I "." -DHAVE_LAPACK_CONFIG_H -DLAPACK_COMPLEX_STRUCTURE -DMW_HAVE_LAPACK_DECLS -DMODEL=F_HL_MPCfunc_mex   xgemv.c /Fobuild\win64\xgemv.obj
xgemv.c
[42/95] cl /c /Zp8 /GR /W3 /EHs /nologo /MD /D_CRT_SECURE_NO_DEPRECATE /D_SCL_SECURE_NO_DEPRECATE /D_SECURE_SCL=0   /DMATLAB_MEX_FILE  /DMATLAB_MEX_FILE /O2 /Oy- /DNDEBUG /fp:strict /I "." /I "C:\Users\taku7\Documents\drone-master\controller\func_HL_MPCholizontal" /I ".\interface" /I "C:\Program Files\MATLAB\R2020a\extern\include" /I "." -DHAVE_LAPACK_CONFIG_H -DLAPACK_COMPLEX_STRUCTURE -DMW_HAVE_LAPACK_DECLS -DMODEL=F_HL_MPCfunc_mex   driver.c /Fobuild\win64\driver.obj
driver.c
[43/95] cl /c /Zp8 /GR /W3 /EHs /nologo /MD /D_CRT_SECURE_NO_DEPRECATE /D_SCL_SECURE_NO_DEPRECATE /D_SECURE_SCL=0   /DMATLAB_MEX_FILE  /DMATLAB_MEX_FILE /O2 /Oy- /DNDEBUG /fp:strict /I "." /I "C:\Users\taku7\Documents\drone-master\controller\func_HL_MPCholizontal" /I ".\interface" /I "C:\Program Files\MATLAB\R2020a\extern\include" /I "." -DHAVE_LAPACK_CONFIG_H -DLAPACK_COMPLEX_STRUCTURE -DMW_HAVE_LAPACK_DECLS -DMODEL=F_HL_MPCfunc_mex   computeGradLag.c /Fobuild\win64\computeGradLag.obj
computeGradLag.c
[44/95] cl /c /Zp8 /GR /W3 /EHs /nologo /MD /D_CRT_SECURE_NO_DEPRECATE /D_SCL_SECURE_NO_DEPRECATE /D_SECURE_SCL=0   /DMATLAB_MEX_FILE  /DMATLAB_MEX_FILE /O2 /Oy- /DNDEBUG /fp:strict /I "." /I "C:\Users\taku7\Documents\drone-master\controller\func_HL_MPCholizontal" /I ".\interface" /I "C:\Program Files\MATLAB\R2020a\extern\include" /I "." -DHAVE_LAPACK_CONFIG_H -DLAPACK_COMPLEX_STRUCTURE -DMW_HAVE_LAPACK_DECLS -DMODEL=F_HL_MPCfunc_mex   pchip.c /Fobuild\win64\pchip.obj
pchip.c
[45/95] cl /c /Zp8 /GR /W3 /EHs /nologo /MD /D_CRT_SECURE_NO_DEPRECATE /D_SCL_SECURE_NO_DEPRECATE /D_SECURE_SCL=0   /DMATLAB_MEX_FILE  /DMATLAB_MEX_FILE /O2 /Oy- /DNDEBUG /fp:strict /I "." /I "C:\Users\taku7\Documents\drone-master\controller\func_HL_MPCholizontal" /I ".\interface" /I "C:\Program Files\MATLAB\R2020a\extern\include" /I "." -DHAVE_LAPACK_CONFIG_H -DLAPACK_COMPLEX_STRUCTURE -DMW_HAVE_LAPACK_DECLS -DMODEL=F_HL_MPCfunc_mex   Linedistance.c /Fobuild\win64\Linedistance.obj
Linedistance.c
[46/95] cl /c /Zp8 /GR /W3 /EHs /nologo /MD /D_CRT_SECURE_NO_DEPRECATE /D_SCL_SECURE_NO_DEPRECATE /D_SECURE_SCL=0   /DMATLAB_MEX_FILE  /DMATLAB_MEX_FILE /O2 /Oy- /DNDEBUG /fp:strict /I "." /I "C:\Users\taku7\Documents\drone-master\controller\func_HL_MPCholizontal" /I ".\interface" /I "C:\Program Files\MATLAB\R2020a\extern\include" /I "." -DHAVE_LAPACK_CONFIG_H -DLAPACK_COMPLEX_STRUCTURE -DMW_HAVE_LAPACK_DECLS -DMODEL=F_HL_MPCfunc_mex   computeConstrViolationEq_.c /Fobuild\win64\computeConstrViolationEq_.obj
computeConstrViolationEq_.c
[47/95] cl /c /Zp8 /GR /W3 /EHs /nologo /MD /D_CRT_SECURE_NO_DEPRECATE /D_SCL_SECURE_NO_DEPRECATE /D_SECURE_SCL=0   /DMATLAB_MEX_FILE  /DMATLAB_MEX_FILE /O2 /Oy- /DNDEBUG /fp:strict /I "." /I "C:\Users\taku7\Documents\drone-master\controller\func_HL_MPCholizontal" /I ".\interface" /I "C:\Program Files\MATLAB\R2020a\extern\include" /I "." -DHAVE_LAPACK_CONFIG_H -DLAPACK_COMPLEX_STRUCTURE -DMW_HAVE_LAPACK_DECLS -DMODEL=F_HL_MPCfunc_mex   updateWorkingSetForNewQP.c /Fobuild\win64\updateWorkingSetForNewQP.obj
updateWorkingSetForNewQP.c
[48/95] cl /c /Zp8 /GR /W3 /EHs /nologo /MD /D_CRT_SECURE_NO_DEPRECATE /D_SCL_SECURE_NO_DEPRECATE /D_SECURE_SCL=0   /DMATLAB_MEX_FILE  /DMATLAB_MEX_FILE /O2 /Oy- /DNDEBUG /fp:strict /I "." /I "C:\Users\taku7\Documents\drone-master\controller\func_HL_MPCholizontal" /I ".\interface" /I "C:\Program Files\MATLAB\R2020a\extern\include" /I "." -DHAVE_LAPACK_CONFIG_H -DLAPACK_COMPLEX_STRUCTURE -DMW_HAVE_LAPACK_DECLS -DMODEL=F_HL_MPCfunc_mex   addBoundToActiveSetMatrix_.c /Fobuild\win64\addBoundToActiveSetMatrix_.obj
addBoundToActiveSetMatrix_.c
[49/95] cl /c /Zp8 /GR /W3 /EHs /nologo /MD /D_CRT_SECURE_NO_DEPRECATE /D_SCL_SECURE_NO_DEPRECATE /D_SECURE_SCL=0   /DMATLAB_MEX_FILE  /DMATLAB_MEX_FILE /O2 /Oy- /DNDEBUG /fp:strict /I "." /I "C:\Users\taku7\Documents\drone-master\controller\func_HL_MPCholizontal" /I ".\interface" /I "C:\Program Files\MATLAB\R2020a\extern\include" /I "." -DHAVE_LAPACK_CONFIG_H -DLAPACK_COMPLEX_STRUCTURE -DMW_HAVE_LAPACK_DECLS -DMODEL=F_HL_MPCfunc_mex   xgeqp3.c /Fobuild\win64\xgeqp3.obj
xgeqp3.c
[50/95] cl /c /Zp8 /GR /W3 /EHs /nologo /MD /D_CRT_SECURE_NO_DEPRECATE /D_SCL_SECURE_NO_DEPRECATE /D_SECURE_SCL=0   /DMATLAB_MEX_FILE  /DMATLAB_MEX_FILE /O2 /Oy- /DNDEBUG /fp:strict /I "." /I "C:\Users\taku7\Documents\drone-master\controller\func_HL_MPCholizontal" /I ".\interface" /I "C:\Program Files\MATLAB\R2020a\extern\include" /I "." -DHAVE_LAPACK_CONFIG_H -DLAPACK_COMPLEX_STRUCTURE -DMW_HAVE_LAPACK_DECLS -DMODEL=F_HL_MPCfunc_mex   autoEval.c /Fobuild\win64\autoEval.obj
autoEval.c
[51/95] cl /c /Zp8 /GR /W3 /EHs /nologo /MD /D_CRT_SECURE_NO_DEPRECATE /D_SCL_SECURE_NO_DEPRECATE /D_SECURE_SCL=0   /DMATLAB_MEX_FILE  /DMATLAB_MEX_FILE /O2 /Oy- /DNDEBUG /fp:strict /I "." /I "C:\Users\taku7\Documents\drone-master\controller\func_HL_MPCholizontal" /I ".\interface" /I "C:\Program Files\MATLAB\R2020a\extern\include" /I "." -DHAVE_LAPACK_CONFIG_H -DLAPACK_COMPLEX_STRUCTURE -DMW_HAVE_LAPACK_DECLS -DMODEL=F_HL_MPCfunc_mex   computePrimalFeasError.c /Fobuild\win64\computePrimalFeasError.obj
computePrimalFeasError.c
[52/95] cl /c /Zp8 /GR /W3 /EHs /nologo /MD /D_CRT_SECURE_NO_DEPRECATE /D_SCL_SECURE_NO_DEPRECATE /D_SECURE_SCL=0   /DMATLAB_MEX_FILE  /DMATLAB_MEX_FILE /O2 /Oy- /DNDEBUG /fp:strict /I "." /I "C:\Users\taku7\Documents\drone-master\controller\func_HL_MPCholizontal" /I ".\interface" /I "C:\Program Files\MATLAB\R2020a\extern\include" /I "." -DHAVE_LAPACK_CONFIG_H -DLAPACK_COMPLEX_STRUCTURE -DMW_HAVE_LAPACK_DECLS -DMODEL=F_HL_MPCfunc_mex   sortLambdaQP.c /Fobuild\win64\sortLambdaQP.obj
sortLambdaQP.c
[53/95] cl /c /Zp8 /GR /W3 /EHs /nologo /MD /D_CRT_SECURE_NO_DEPRECATE /D_SCL_SECURE_NO_DEPRECATE /D_SECURE_SCL=0   /DMATLAB_MEX_FILE  /DMATLAB_MEX_FILE /O2 /Oy- /DNDEBUG /fp:strict /I "." /I "C:\Users\taku7\Documents\drone-master\controller\func_HL_MPCholizontal" /I ".\interface" /I "C:\Program Files\MATLAB\R2020a\extern\include" /I "." -DHAVE_LAPACK_CONFIG_H -DLAPACK_COMPLEX_STRUCTURE -DMW_HAVE_LAPACK_DECLS -DMODEL=F_HL_MPCfunc_mex   computeComplError.c /Fobuild\win64\computeComplError.obj
computeComplError.c
[54/95] cl /c /Zp8 /GR /W3 /EHs /nologo /MD /D_CRT_SECURE_NO_DEPRECATE /D_SCL_SECURE_NO_DEPRECATE /D_SECURE_SCL=0   /DMATLAB_MEX_FILE  /DMATLAB_MEX_FILE /O2 /Oy- /DNDEBUG /fp:strict /I "." /I "C:\Users\taku7\Documents\drone-master\controller\func_HL_MPCholizontal" /I ".\interface" /I "C:\Program Files\MATLAB\R2020a\extern\include" /I "." -DHAVE_LAPACK_CONFIG_H -DLAPACK_COMPLEX_STRUCTURE -DMW_HAVE_LAPACK_DECLS -DMODEL=F_HL_MPCfunc_mex   computeLambdaLSQ.c /Fobuild\win64\computeLambdaLSQ.obj
computeLambdaLSQ.c
[55/95] cl /c /Zp8 /GR /W3 /EHs /nologo /MD /D_CRT_SECURE_NO_DEPRECATE /D_SCL_SECURE_NO_DEPRECATE /D_SECURE_SCL=0   /DMATLAB_MEX_FILE  /DMATLAB_MEX_FILE /O2 /Oy- /DNDEBUG /fp:strict /I "." /I "C:\Users\taku7\Documents\drone-master\controller\func_HL_MPCholizontal" /I ".\interface" /I "C:\Program Files\MATLAB\R2020a\extern\include" /I "." -DHAVE_LAPACK_CONFIG_H -DLAPACK_COMPLEX_STRUCTURE -DMW_HAVE_LAPACK_DECLS -DMODEL=F_HL_MPCfunc_mex   computeQ_.c /Fobuild\win64\computeQ_.obj
computeQ_.c
[56/95] cl /c /Zp8 /GR /W3 /EHs /nologo /MD /D_CRT_SECURE_NO_DEPRECATE /D_SCL_SECURE_NO_DEPRECATE /D_SECURE_SCL=0   /DMATLAB_MEX_FILE  /DMATLAB_MEX_FILE /O2 /Oy- /DNDEBUG /fp:strict /I "." /I "C:\Users\taku7\Documents\drone-master\controller\func_HL_MPCholizontal" /I ".\interface" /I "C:\Program Files\MATLAB\R2020a\extern\include" /I "." -DHAVE_LAPACK_CONFIG_H -DLAPACK_COMPLEX_STRUCTURE -DMW_HAVE_LAPACK_DECLS -DMODEL=F_HL_MPCfunc_mex   normal.c /Fobuild\win64\normal.obj
normal.c
[57/95] cl /c /Zp8 /GR /W3 /EHs /nologo /MD /D_CRT_SECURE_NO_DEPRECATE /D_SCL_SECURE_NO_DEPRECATE /D_SECURE_SCL=0   /DMATLAB_MEX_FILE  /DMATLAB_MEX_FILE /O2 /Oy- /DNDEBUG /fp:strict /I "." /I "C:\Users\taku7\Documents\drone-master\controller\func_HL_MPCholizontal" /I ".\interface" /I "C:\Program Files\MATLAB\R2020a\extern\include" /I "." -DHAVE_LAPACK_CONFIG_H -DLAPACK_COMPLEX_STRUCTURE -DMW_HAVE_LAPACK_DECLS -DMODEL=F_HL_MPCfunc_mex   xtrsv.c /Fobuild\win64\xtrsv.obj
xtrsv.c
[58/95] cl /c /Zp8 /GR /W3 /EHs /nologo /MD /D_CRT_SECURE_NO_DEPRECATE /D_SCL_SECURE_NO_DEPRECATE /D_SECURE_SCL=0   /DMATLAB_MEX_FILE  /DMATLAB_MEX_FILE /O2 /Oy- /DNDEBUG /fp:strict /I "." /I "C:\Users\taku7\Documents\drone-master\controller\func_HL_MPCholizontal" /I ".\interface" /I "C:\Program Files\MATLAB\R2020a\extern\include" /I "." -DHAVE_LAPACK_CONFIG_H -DLAPACK_COMPLEX_STRUCTURE -DMW_HAVE_LAPACK_DECLS -DMODEL=F_HL_MPCfunc_mex   step.c /Fobuild\win64\step.obj
step.c
[59/95] cl /c /Zp8 /GR /W3 /EHs /nologo /MD /D_CRT_SECURE_NO_DEPRECATE /D_SCL_SECURE_NO_DEPRECATE /D_SECURE_SCL=0   /DMATLAB_MEX_FILE  /DMATLAB_MEX_FILE /O2 /Oy- /DNDEBUG /fp:strict /I "." /I "C:\Users\taku7\Documents\drone-master\controller\func_HL_MPCholizontal" /I ".\interface" /I "C:\Program Files\MATLAB\R2020a\extern\include" /I "." -DHAVE_LAPACK_CONFIG_H -DLAPACK_COMPLEX_STRUCTURE -DMW_HAVE_LAPACK_DECLS -DMODEL=F_HL_MPCfunc_mex   xorgqr.c /Fobuild\win64\xorgqr.obj
xorgqr.c
[60/95] cl /c /Zp8 /GR /W3 /EHs /nologo /MD /D_CRT_SECURE_NO_DEPRECATE /D_SCL_SECURE_NO_DEPRECATE /D_SECURE_SCL=0   /DMATLAB_MEX_FILE  /DMATLAB_MEX_FILE /O2 /Oy- /DNDEBUG /fp:strict /I "." /I "C:\Users\taku7\Documents\drone-master\controller\func_HL_MPCholizontal" /I ".\interface" /I "C:\Program Files\MATLAB\R2020a\extern\include" /I "." -DHAVE_LAPACK_CONFIG_H -DLAPACK_COMPLEX_STRUCTURE -DMW_HAVE_LAPACK_DECLS -DMODEL=F_HL_MPCfunc_mex   computeDualFeasError.c /Fobuild\win64\computeDualFeasError.obj
computeDualFeasError.c
[61/95] cl /c /Zp8 /GR /W3 /EHs /nologo /MD /D_CRT_SECURE_NO_DEPRECATE /D_SCL_SECURE_NO_DEPRECATE /D_SECURE_SCL=0   /DMATLAB_MEX_FILE  /DMATLAB_MEX_FILE /O2 /Oy- /DNDEBUG /fp:strict /I "." /I "C:\Users\taku7\Documents\drone-master\controller\func_HL_MPCholizontal" /I ".\interface" /I "C:\Program Files\MATLAB\R2020a\extern\include" /I "." -DHAVE_LAPACK_CONFIG_H -DLAPACK_COMPLEX_STRUCTURE -DMW_HAVE_LAPACK_DECLS -DMODEL=F_HL_MPCfunc_mex   IndexOfDependentEq_.c /Fobuild\win64\IndexOfDependentEq_.obj
IndexOfDependentEq_.c
[62/95] cl /c /Zp8 /GR /W3 /EHs /nologo /MD /D_CRT_SECURE_NO_DEPRECATE /D_SCL_SECURE_NO_DEPRECATE /D_SECURE_SCL=0   /DMATLAB_MEX_FILE  /DMATLAB_MEX_FILE /O2 /Oy- /DNDEBUG /fp:strict /I "." /I "C:\Users\taku7\Documents\drone-master\controller\func_HL_MPCholizontal" /I ".\interface" /I "C:\Program Files\MATLAB\R2020a\extern\include" /I "." -DHAVE_LAPACK_CONFIG_H -DLAPACK_COMPLEX_STRUCTURE -DMW_HAVE_LAPACK_DECLS -DMODEL=F_HL_MPCfunc_mex   RemoveDependentIneq_.c /Fobuild\win64\RemoveDependentIneq_.obj
RemoveDependentIneq_.c
[63/95] cl /c /Zp8 /GR /W3 /EHs /nologo /MD /D_CRT_SECURE_NO_DEPRECATE /D_SCL_SECURE_NO_DEPRECATE /D_SECURE_SCL=0   /DMATLAB_MEX_FILE  /DMATLAB_MEX_FILE /O2 /Oy- /DNDEBUG /fp:strict /I "." /I "C:\Users\taku7\Documents\drone-master\controller\func_HL_MPCholizontal" /I ".\interface" /I "C:\Program Files\MATLAB\R2020a\extern\include" /I "." -DHAVE_LAPACK_CONFIG_H -DLAPACK_COMPLEX_STRUCTURE -DMW_HAVE_LAPACK_DECLS -DMODEL=F_HL_MPCfunc_mex   xgemm.c /Fobuild\win64\xgemm.obj
xgemm.c
[64/95] cl /c /Zp8 /GR /W3 /EHs /nologo /MD /D_CRT_SECURE_NO_DEPRECATE /D_SCL_SECURE_NO_DEPRECATE /D_SECURE_SCL=0   /DMATLAB_MEX_FILE  /DMATLAB_MEX_FILE /O2 /Oy- /DNDEBUG /fp:strict /I "." /I "C:\Users\taku7\Documents\drone-master\controller\func_HL_MPCholizontal" /I ".\interface" /I "C:\Program Files\MATLAB\R2020a\extern\include" /I "." -DHAVE_LAPACK_CONFIG_H -DLAPACK_COMPLEX_STRUCTURE -DMW_HAVE_LAPACK_DECLS -DMODEL=F_HL_MPCfunc_mex   isDeltaXTooSmall.c /Fobuild\win64\isDeltaXTooSmall.obj
isDeltaXTooSmall.c
[65/95] cl /c /Zp8 /GR /W3 /EHs /nologo /MD /D_CRT_SECURE_NO_DEPRECATE /D_SCL_SECURE_NO_DEPRECATE /D_SECURE_SCL=0   /DMATLAB_MEX_FILE  /DMATLAB_MEX_FILE /O2 /Oy- /DNDEBUG /fp:strict /I "." /I "C:\Users\taku7\Documents\drone-master\controller\func_HL_MPCholizontal" /I ".\interface" /I "C:\Program Files\MATLAB\R2020a\extern\include" /I "." -DHAVE_LAPACK_CONFIG_H -DLAPACK_COMPLEX_STRUCTURE -DMW_HAVE_LAPACK_DECLS -DMODEL=F_HL_MPCfunc_mex   xgeqrf.c /Fobuild\win64\xgeqrf.obj
xgeqrf.c
[66/95] cl /c /Zp8 /GR /W3 /EHs /nologo /MD /D_CRT_SECURE_NO_DEPRECATE /D_SCL_SECURE_NO_DEPRECATE /D_SECURE_SCL=0   /DMATLAB_MEX_FILE  /DMATLAB_MEX_FILE /O2 /Oy- /DNDEBUG /fp:strict /I "." /I "C:\Users\taku7\Documents\drone-master\controller\func_HL_MPCholizontal" /I ".\interface" /I "C:\Program Files\MATLAB\R2020a\extern\include" /I "." -DHAVE_LAPACK_CONFIG_H -DLAPACK_COMPLEX_STRUCTURE -DMW_HAVE_LAPACK_DECLS -DMODEL=F_HL_MPCfunc_mex   feasibleX0ForWorkingSet.c /Fobuild\win64\feasibleX0ForWorkingSet.obj
feasibleX0ForWorkingSet.c
[67/95] cl /c /Zp8 /GR /W3 /EHs /nologo /MD /D_CRT_SECURE_NO_DEPRECATE /D_SCL_SECURE_NO_DEPRECATE /D_SECURE_SCL=0   /DMATLAB_MEX_FILE  /DMATLAB_MEX_FILE /O2 /Oy- /DNDEBUG /fp:strict /I "." /I "C:\Users\taku7\Documents\drone-master\controller\func_HL_MPCholizontal" /I ".\interface" /I "C:\Program Files\MATLAB\R2020a\extern\include" /I "." -DHAVE_LAPACK_CONFIG_H -DLAPACK_COMPLEX_STRUCTURE -DMW_HAVE_LAPACK_DECLS -DMODEL=F_HL_MPCfunc_mex   xtrsm.c /Fobuild\win64\xtrsm.obj
xtrsm.c
[68/95] cl /c /Zp8 /GR /W3 /EHs /nologo /MD /D_CRT_SECURE_NO_DEPRECATE /D_SCL_SECURE_NO_DEPRECATE /D_SECURE_SCL=0   /DMATLAB_MEX_FILE  /DMATLAB_MEX_FILE /O2 /Oy- /DNDEBUG /fp:strict /I "." /I "C:\Users\taku7\Documents\drone-master\controller\func_HL_MPCholizontal" /I ".\interface" /I "C:\Program Files\MATLAB\R2020a\extern\include" /I "." -DHAVE_LAPACK_CONFIG_H -DLAPACK_COMPLEX_STRUCTURE -DMW_HAVE_LAPACK_DECLS -DMODEL=F_HL_MPCfunc_mex   PresolveWorkingSet.c /Fobuild\win64\PresolveWorkingSet.obj
PresolveWorkingSet.c
[69/95] cl /c /Zp8 /GR /W3 /EHs /nologo /MD /D_CRT_SECURE_NO_DEPRECATE /D_SCL_SECURE_NO_DEPRECATE /D_SECURE_SCL=0   /DMATLAB_MEX_FILE  /DMATLAB_MEX_FILE /O2 /Oy- /DNDEBUG /fp:strict /I "." /I "C:\Users\taku7\Documents\drone-master\controller\func_HL_MPCholizontal" /I ".\interface" /I "C:\Program Files\MATLAB\R2020a\extern\include" /I "." -DHAVE_LAPACK_CONFIG_H -DLAPACK_COMPLEX_STRUCTURE -DMW_HAVE_LAPACK_DECLS -DMODEL=F_HL_MPCfunc_mex   RemoveDependentEq_.c /Fobuild\win64\RemoveDependentEq_.obj
RemoveDependentEq_.c
[70/95] cl /c /Zp8 /GR /W3 /EHs /nologo /MD /D_CRT_SECURE_NO_DEPRECATE /D_SCL_SECURE_NO_DEPRECATE /D_SECURE_SCL=0   /DMATLAB_MEX_FILE  /DMATLAB_MEX_FILE /O2 /Oy- /DNDEBUG /fp:strict /I "." /I "C:\Users\taku7\Documents\drone-master\controller\func_HL_MPCholizontal" /I ".\interface" /I "C:\Program Files\MATLAB\R2020a\extern\include" /I "." -DHAVE_LAPACK_CONFIG_H -DLAPACK_COMPLEX_STRUCTURE -DMW_HAVE_LAPACK_DECLS -DMODEL=F_HL_MPCfunc_mex   xdot.c /Fobuild\win64\xdot.obj
xdot.c
[71/95] cl /c /Zp8 /GR /W3 /EHs /nologo /MD /D_CRT_SECURE_NO_DEPRECATE /D_SCL_SECURE_NO_DEPRECATE /D_SECURE_SCL=0   /DMATLAB_MEX_FILE  /DMATLAB_MEX_FILE /O2 /Oy- /DNDEBUG /fp:strict /I "." /I "C:\Users\taku7\Documents\drone-master\controller\func_HL_MPCholizontal" /I ".\interface" /I "C:\Program Files\MATLAB\R2020a\extern\include" /I "." -DHAVE_LAPACK_CONFIG_H -DLAPACK_COMPLEX_STRUCTURE -DMW_HAVE_LAPACK_DECLS -DMODEL=F_HL_MPCfunc_mex   countsort.c /Fobuild\win64\countsort.obj
countsort.c
[72/95] cl /c /Zp8 /GR /W3 /EHs /nologo /MD /D_CRT_SECURE_NO_DEPRECATE /D_SCL_SECURE_NO_DEPRECATE /D_SECURE_SCL=0   /DMATLAB_MEX_FILE  /DMATLAB_MEX_FILE /O2 /Oy- /DNDEBUG /fp:strict /I "." /I "C:\Users\taku7\Documents\drone-master\controller\func_HL_MPCholizontal" /I ".\interface" /I "C:\Program Files\MATLAB\R2020a\extern\include" /I "." -DHAVE_LAPACK_CONFIG_H -DLAPACK_COMPLEX_STRUCTURE -DMW_HAVE_LAPACK_DECLS -DMODEL=F_HL_MPCfunc_mex   ComputeNumDependentEq_.c /Fobuild\win64\ComputeNumDependentEq_.obj
ComputeNumDependentEq_.c
[73/95] cl /c /Zp8 /GR /W3 /EHs /nologo /MD /D_CRT_SECURE_NO_DEPRECATE /D_SCL_SECURE_NO_DEPRECATE /D_SECURE_SCL=0   /DMATLAB_MEX_FILE  /DMATLAB_MEX_FILE /O2 /Oy- /DNDEBUG /fp:strict /I "." /I "C:\Users\taku7\Documents\drone-master\controller\func_HL_MPCholizontal" /I ".\interface" /I "C:\Program Files\MATLAB\R2020a\extern\include" /I "." -DHAVE_LAPACK_CONFIG_H -DLAPACK_COMPLEX_STRUCTURE -DMW_HAVE_LAPACK_DECLS -DMODEL=F_HL_MPCfunc_mex   driver1.c /Fobuild\win64\driver1.obj
driver1.c
[74/95] cl /c /Zp8 /GR /W3 /EHs /nologo /MD /D_CRT_SECURE_NO_DEPRECATE /D_SCL_SECURE_NO_DEPRECATE /D_SECURE_SCL=0   /DMATLAB_MEX_FILE  /DMATLAB_MEX_FILE /O2 /Oy- /DNDEBUG /fp:strict /I "." /I "C:\Users\taku7\Documents\drone-master\controller\func_HL_MPCholizontal" /I ".\interface" /I "C:\Program Files\MATLAB\R2020a\extern\include" /I "." -DHAVE_LAPACK_CONFIG_H -DLAPACK_COMPLEX_STRUCTURE -DMW_HAVE_LAPACK_DECLS -DMODEL=F_HL_MPCfunc_mex   feasibleratiotest.c /Fobuild\win64\feasibleratiotest.obj
feasibleratiotest.c
[75/95] cl /c /Zp8 /GR /W3 /EHs /nologo /MD /D_CRT_SECURE_NO_DEPRECATE /D_SCL_SECURE_NO_DEPRECATE /D_SECURE_SCL=0   /DMATLAB_MEX_FILE  /DMATLAB_MEX_FILE /O2 /Oy- /DNDEBUG /fp:strict /I "." /I "C:\Users\taku7\Documents\drone-master\controller\func_HL_MPCholizontal" /I ".\interface" /I "C:\Program Files\MATLAB\R2020a\extern\include" /I "." -DHAVE_LAPACK_CONFIG_H -DLAPACK_COMPLEX_STRUCTURE -DMW_HAVE_LAPACK_DECLS -DMODEL=F_HL_MPCfunc_mex   xaxpy.c /Fobuild\win64\xaxpy.obj
xaxpy.c
[76/95] cl /c /Zp8 /GR /W3 /EHs /nologo /MD /D_CRT_SECURE_NO_DEPRECATE /D_SCL_SECURE_NO_DEPRECATE /D_SECURE_SCL=0   /DMATLAB_MEX_FILE  /DMATLAB_MEX_FILE /O2 /Oy- /DNDEBUG /fp:strict /I "." /I "C:\Users\taku7\Documents\drone-master\controller\func_HL_MPCholizontal" /I ".\interface" /I "C:\Program Files\MATLAB\R2020a\extern\include" /I "." -DHAVE_LAPACK_CONFIG_H -DLAPACK_COMPLEX_STRUCTURE -DMW_HAVE_LAPACK_DECLS -DMODEL=F_HL_MPCfunc_mex   xpotrf.c /Fobuild\win64\xpotrf.obj
xpotrf.c
[77/95] cl /c /Zp8 /GR /W3 /EHs /nologo /MD /D_CRT_SECURE_NO_DEPRECATE /D_SCL_SECURE_NO_DEPRECATE /D_SECURE_SCL=0   /DMATLAB_MEX_FILE  /DMATLAB_MEX_FILE /O2 /Oy- /DNDEBUG /fp:strict /I "." /I "C:\Users\taku7\Documents\drone-master\controller\func_HL_MPCholizontal" /I ".\interface" /I "C:\Program Files\MATLAB\R2020a\extern\include" /I "." -DHAVE_LAPACK_CONFIG_H -DLAPACK_COMPLEX_STRUCTURE -DMW_HAVE_LAPACK_DECLS -DMODEL=F_HL_MPCfunc_mex   phaseone.c /Fobuild\win64\phaseone.obj
phaseone.c
[78/95] cl /c /Zp8 /GR /W3 /EHs /nologo /MD /D_CRT_SECURE_NO_DEPRECATE /D_SCL_SECURE_NO_DEPRECATE /D_SECURE_SCL=0   /DMATLAB_MEX_FILE  /DMATLAB_MEX_FILE /O2 /Oy- /DNDEBUG /fp:strict /I "." /I "C:\Users\taku7\Documents\drone-master\controller\func_HL_MPCholizontal" /I ".\interface" /I "C:\Program Files\MATLAB\R2020a\extern\include" /I "." -DHAVE_LAPACK_CONFIG_H -DLAPACK_COMPLEX_STRUCTURE -DMW_HAVE_LAPACK_DECLS -DMODEL=F_HL_MPCfunc_mex   assignResidualsToXSlack.c /Fobuild\win64\assignResidualsToXSlack.obj
assignResidualsToXSlack.c
[79/95] cl /c /Zp8 /GR /W3 /EHs /nologo /MD /D_CRT_SECURE_NO_DEPRECATE /D_SCL_SECURE_NO_DEPRECATE /D_SECURE_SCL=0   /DMATLAB_MEX_FILE  /DMATLAB_MEX_FILE /O2 /Oy- /DNDEBUG /fp:strict /I "." /I "C:\Users\taku7\Documents\drone-master\controller\func_HL_MPCholizontal" /I ".\interface" /I "C:\Program Files\MATLAB\R2020a\extern\include" /I "." -DHAVE_LAPACK_CONFIG_H -DLAPACK_COMPLEX_STRUCTURE -DMW_HAVE_LAPACK_DECLS -DMODEL=F_HL_MPCfunc_mex   checkStoppingAndUpdateFval.c /Fobuild\win64\checkStoppingAndUpdateFval.obj
checkStoppingAndUpdateFval.c
[80/95] cl /c /Zp8 /GR /W3 /EHs /nologo /MD /D_CRT_SECURE_NO_DEPRECATE /D_SCL_SECURE_NO_DEPRECATE /D_SECURE_SCL=0   /DMATLAB_MEX_FILE  /DMATLAB_MEX_FILE /O2 /Oy- /DNDEBUG /fp:strict /I "." /I "C:\Users\taku7\Documents\drone-master\controller\func_HL_MPCholizontal" /I ".\interface" /I "C:\Program Files\MATLAB\R2020a\extern\include" /I "." -DHAVE_LAPACK_CONFIG_H -DLAPACK_COMPLEX_STRUCTURE -DMW_HAVE_LAPACK_DECLS -DMODEL=F_HL_MPCfunc_mex   relaxed.c /Fobuild\win64\relaxed.obj
relaxed.c
[81/95] cl /c /Zp8 /GR /W3 /EHs /nologo /MD /D_CRT_SECURE_NO_DEPRECATE /D_SCL_SECURE_NO_DEPRECATE /D_SECURE_SCL=0   /DMATLAB_MEX_FILE  /DMATLAB_MEX_FILE /O2 /Oy- /DNDEBUG /fp:strict /I "." /I "C:\Users\taku7\Documents\drone-master\controller\func_HL_MPCholizontal" /I ".\interface" /I "C:\Program Files\MATLAB\R2020a\extern\include" /I "." -DHAVE_LAPACK_CONFIG_H -DLAPACK_COMPLEX_STRUCTURE -DMW_HAVE_LAPACK_DECLS -DMODEL=F_HL_MPCfunc_mex   xrot.c /Fobuild\win64\xrot.obj
xrot.c
[82/95] cl /c /Zp8 /GR /W3 /EHs /nologo /MD /D_CRT_SECURE_NO_DEPRECATE /D_SCL_SECURE_NO_DEPRECATE /D_SECURE_SCL=0   /DMATLAB_MEX_FILE  /DMATLAB_MEX_FILE /O2 /Oy- /DNDEBUG /fp:strict /I "." /I "C:\Users\taku7\Documents\drone-master\controller\func_HL_MPCholizontal" /I ".\interface" /I "C:\Program Files\MATLAB\R2020a\extern\include" /I "." -DHAVE_LAPACK_CONFIG_H -DLAPACK_COMPLEX_STRUCTURE -DMW_HAVE_LAPACK_DECLS -DMODEL=F_HL_MPCfunc_mex   compute_lambda.c /Fobuild\win64\compute_lambda.obj
compute_lambda.c
[83/95] cl /c /Zp8 /GR /W3 /EHs /nologo /MD /D_CRT_SECURE_NO_DEPRECATE /D_SCL_SECURE_NO_DEPRECATE /D_SECURE_SCL=0   /DMATLAB_MEX_FILE  /DMATLAB_MEX_FILE /O2 /Oy- /DNDEBUG /fp:strict /I "." /I "C:\Users\taku7\Documents\drone-master\controller\func_HL_MPCholizontal" /I ".\interface" /I "C:\Program Files\MATLAB\R2020a\extern\include" /I "." -DHAVE_LAPACK_CONFIG_H -DLAPACK_COMPLEX_STRUCTURE -DMW_HAVE_LAPACK_DECLS -DMODEL=F_HL_MPCfunc_mex   iterate.c /Fobuild\win64\iterate.obj
iterate.c
[84/95] cl /c /Zp8 /GR /W3 /EHs /nologo /MD /D_CRT_SECURE_NO_DEPRECATE /D_SCL_SECURE_NO_DEPRECATE /D_SECURE_SCL=0   /DMATLAB_MEX_FILE  /DMATLAB_MEX_FILE /O2 /Oy- /DNDEBUG /fp:strict /I "." /I "C:\Users\taku7\Documents\drone-master\controller\func_HL_MPCholizontal" /I ".\interface" /I "C:\Program Files\MATLAB\R2020a\extern\include" /I "." -DHAVE_LAPACK_CONFIG_H -DLAPACK_COMPLEX_STRUCTURE -DMW_HAVE_LAPACK_DECLS -DMODEL=F_HL_MPCfunc_mex   compute_deltax.c /Fobuild\win64\compute_deltax.obj
compute_deltax.c
[85/95] cl /c /Zp8 /GR /W3 /EHs /nologo /MD /D_CRT_SECURE_NO_DEPRECATE /D_SCL_SECURE_NO_DEPRECATE /D_SECURE_SCL=0   /DMATLAB_MEX_FILE  /DMATLAB_MEX_FILE /O2 /Oy- /DNDEBUG /fp:strict /I "." /I "C:\Users\taku7\Documents\drone-master\controller\func_HL_MPCholizontal" /I ".\interface" /I "C:\Program Files\MATLAB\R2020a\extern\include" /I "." -DHAVE_LAPACK_CONFIG_H -DLAPACK_COMPLEX_STRUCTURE -DMW_HAVE_LAPACK_DECLS -DMODEL=F_HL_MPCfunc_mex   computeDeltaLag.c /Fobuild\win64\computeDeltaLag.obj
computeDeltaLag.c
[86/95] cl /c /Zp8 /GR /W3 /EHs /nologo /MD /D_CRT_SECURE_NO_DEPRECATE /D_SCL_SECURE_NO_DEPRECATE /D_SECURE_SCL=0   /DMATLAB_MEX_FILE  /DMATLAB_MEX_FILE /O2 /Oy- /DNDEBUG /fp:strict /I "." /I "C:\Users\taku7\Documents\drone-master\controller\func_HL_MPCholizontal" /I ".\interface" /I "C:\Program Files\MATLAB\R2020a\extern\include" /I "." -DHAVE_LAPACK_CONFIG_H -DLAPACK_COMPLEX_STRUCTURE -DMW_HAVE_LAPACK_DECLS -DMODEL=F_HL_MPCfunc_mex   "C:\Program Files\MATLAB\R2020a\extern\version\c_mexapi_version.c" /Fobuild\win64\c_mexapi_version.obj
c_mexapi_version.c
[87/95] cl /c /Zp8 /GR /W3 /EHs /nologo /MD /D_CRT_SECURE_NO_DEPRECATE /D_SCL_SECURE_NO_DEPRECATE /D_SECURE_SCL=0   /DMATLAB_MEX_FILE  /DMATLAB_MEX_FILE /O2 /Oy- /DNDEBUG /fp:strict /I "." /I "C:\Users\taku7\Documents\drone-master\controller\func_HL_MPCholizontal" /I ".\interface" /I "C:\Program Files\MATLAB\R2020a\extern\include" /I "." -DHAVE_LAPACK_CONFIG_H -DLAPACK_COMPLEX_STRUCTURE -DMW_HAVE_LAPACK_DECLS -DMODEL=F_HL_MPCfunc_mex   F_HL_MPCfunc_emxutil.c /Fobuild\win64\F_HL_MPCfunc_emxutil.obj
F_HL_MPCfunc_emxutil.c
[88/95] cl /c /Zp8 /GR /W3 /EHs /nologo /MD /D_CRT_SECURE_NO_DEPRECATE /D_SCL_SECURE_NO_DEPRECATE /D_SECURE_SCL=0   /DMATLAB_MEX_FILE  /DMATLAB_MEX_FILE /O2 /Oy- /DNDEBUG /fp:strict /I "." /I "C:\Users\taku7\Documents\drone-master\controller\func_HL_MPCholizontal" /I ".\interface" /I "C:\Program Files\MATLAB\R2020a\extern\include" /I "." -DHAVE_LAPACK_CONFIG_H -DLAPACK_COMPLEX_STRUCTURE -DMW_HAVE_LAPACK_DECLS -DMODEL=F_HL_MPCfunc_mex   interface\_coder_F_HL_MPCfunc_info.c /Fobuild\win64\_coder_F_HL_MPCfunc_info.obj
_coder_F_HL_MPCfunc_info.c
[89/95] cl /c /Zp8 /GR /W3 /EHs /nologo /MD /D_CRT_SECURE_NO_DEPRECATE /D_SCL_SECURE_NO_DEPRECATE /D_SECURE_SCL=0   /DMATLAB_MEX_FILE  /DMATLAB_MEX_FILE /O2 /Oy- /DNDEBUG /fp:strict /I "." /I "C:\Users\taku7\Documents\drone-master\controller\func_HL_MPCholizontal" /I ".\interface" /I "C:\Program Files\MATLAB\R2020a\extern\include" /I "." -DHAVE_LAPACK_CONFIG_H -DLAPACK_COMPLEX_STRUCTURE -DMW_HAVE_LAPACK_DECLS -DMODEL=F_HL_MPCfunc_mex   interface\_coder_F_HL_MPCfunc_api.c /Fobuild\win64\_coder_F_HL_MPCfunc_api.obj
_coder_F_HL_MPCfunc_api.c
[90/95] cl /c /Zp8 /GR /W3 /EHs /nologo /MD /D_CRT_SECURE_NO_DEPRECATE /D_SCL_SECURE_NO_DEPRECATE /D_SECURE_SCL=0   /DMATLAB_MEX_FILE  /DMATLAB_MEX_FILE /O2 /Oy- /DNDEBUG /fp:strict /I "." /I "C:\Users\taku7\Documents\drone-master\controller\func_HL_MPCholizontal" /I ".\interface" /I "C:\Program Files\MATLAB\R2020a\extern\include" /I "." -DHAVE_LAPACK_CONFIG_H -DLAPACK_COMPLEX_STRUCTURE -DMW_HAVE_LAPACK_DECLS -DMODEL=F_HL_MPCfunc_mex   BFGSUpdate.c /Fobuild\win64\BFGSUpdate.obj
BFGSUpdate.c
[91/95] cl /c /Zp8 /GR /W3 /EHs /nologo /MD /D_CRT_SECURE_NO_DEPRECATE /D_SCL_SECURE_NO_DEPRECATE /D_SECURE_SCL=0   /DMATLAB_MEX_FILE  /DMATLAB_MEX_FILE /O2 /Oy- /DNDEBUG /fp:strict /I "." /I "C:\Users\taku7\Documents\drone-master\controller\func_HL_MPCholizontal" /I ".\interface" /I "C:\Program Files\MATLAB\R2020a\extern\include" /I "." -DHAVE_LAPACK_CONFIG_H -DLAPACK_COMPLEX_STRUCTURE -DMW_HAVE_LAPACK_DECLS -DMODEL=F_HL_MPCfunc_mex   linesearch.c /Fobuild\win64\linesearch.obj
linesearch.c
[92/95] cl /c /Zp8 /GR /W3 /EHs /nologo /MD /D_CRT_SECURE_NO_DEPRECATE /D_SCL_SECURE_NO_DEPRECATE /D_SECURE_SCL=0   /DMATLAB_MEX_FILE  /DMATLAB_MEX_FILE /O2 /Oy- /DNDEBUG /fp:strict /I "." /I "C:\Users\taku7\Documents\drone-master\controller\func_HL_MPCholizontal" /I ".\interface" /I "C:\Program Files\MATLAB\R2020a\extern\include" /I "." -DHAVE_LAPACK_CONFIG_H -DLAPACK_COMPLEX_STRUCTURE -DMW_HAVE_LAPACK_DECLS -DMODEL=F_HL_MPCfunc_mex   soc.c /Fobuild\win64\soc.obj
soc.c
[93/95] cl /c /Zp8 /GR /W3 /EHs /nologo /MD /D_CRT_SECURE_NO_DEPRECATE /D_SCL_SECURE_NO_DEPRECATE /D_SECURE_SCL=0   /DMATLAB_MEX_FILE  /DMATLAB_MEX_FILE /O2 /Oy- /DNDEBUG /fp:strict /I "." /I "C:\Users\taku7\Documents\drone-master\controller\func_HL_MPCholizontal" /I ".\interface" /I "C:\Program Files\MATLAB\R2020a\extern\include" /I "." -DHAVE_LAPACK_CONFIG_H -DLAPACK_COMPLEX_STRUCTURE -DMW_HAVE_LAPACK_DECLS -DMODEL=F_HL_MPCfunc_mex   interface\_coder_F_HL_MPCfunc_mex.c /Fobuild\win64\_coder_F_HL_MPCfunc_mex.obj
_coder_F_HL_MPCfunc_mex.c
[94/95] cl /c /Zp8 /GR /W3 /EHs /nologo /MD /D_CRT_SECURE_NO_DEPRECATE /D_SCL_SECURE_NO_DEPRECATE /D_SECURE_SCL=0   /DMATLAB_MEX_FILE  /DMATLAB_MEX_FILE /O2 /Oy- /DNDEBUG /fp:strict /I "." /I "C:\Users\taku7\Documents\drone-master\controller\func_HL_MPCholizontal" /I ".\interface" /I "C:\Program Files\MATLAB\R2020a\extern\include" /I "." -DHAVE_LAPACK_CONFIG_H -DLAPACK_COMPLEX_STRUCTURE -DMW_HAVE_LAPACK_DECLS -DMODEL=F_HL_MPCfunc_mex   autoCons.c /Fobuild\win64\autoCons.obj
autoCons.c
[95/95] link @F_HL_MPCfunc_mex.mexw64.rsp /nologo /manifest   /DLL /LIBPATH:"C:\Program Files\MATLAB\R2020a\extern\lib\win64\microsoft" libmx.lib libmex.lib libmat.lib kernel32.lib user32.lib gdi32.lib winspool.lib comdlg32.lib advapi32.lib shell32.lib ole32.lib oleaut32.lib uuid.lib odbc32.lib odbccp32.lib  /out:"F_HL_MPCfunc_mex.mexw64" /LIBPATH:"C:\Program Files\MATLAB\R2020a\extern\lib\win64\microsoft" libmwblas.lib libmwlapack.lib libemlrt.lib libcovrt.lib libut.lib libmwmathutil.lib  /export:mexFunction /export:mexfilerequiredapiversion /export:emlrtMexFcnProperties /export:F_HL_MPCfunc_initialize /export:F_HL_MPCfunc_terminate /export:F_HL_MPCfunc_atexit /export:F_HL_MPCfunc /export:emxEnsureCapacity_real_T /export:emxEnsureCapacity_int8_T /export:emxInit_real_T /export:emxFree_real_T /export:emxInit_int8_T /export:emxFree_int8_T
   ライブラリ F_HL_MPCfunc_mex.lib とオブジェクト F_HL_MPCfunc_mex.exp を作成中
