[1/87] cl /c /Zp8 /GR /W3 /EHs /nologo /MD /D_CRT_SECURE_NO_DEPRECATE /D_SCL_SECURE_NO_DEPRECATE /D_SECURE_SCL=0   /DMATLAB_MEX_FILE  /DMATLAB_MEX_FILE /O2 /Oy- /DNDEBUG /fp:strict /I "." /I "C:\Users\taku7\Desktop\最新drone\controller\func_HL_MPCholizontal" /I ".\interface" /I "C:\Program Files\MATLAB\R2020a\extern\include" /I "." -DHAVE_LAPACK_CONFIG_H -DLAPACK_COMPLEX_STRUCTURE -DMW_HAVE_LAPACK_DECLS -DMODEL=L_HL_MPCfunc_mex   L_HL_MPCfunc_data.c /Fobuild\win64\L_HL_MPCfunc_data.obj
L_HL_MPCfunc_data.c
[2/87] cl /c /Zp8 /GR /W3 /EHs /nologo /MD /D_CRT_SECURE_NO_DEPRECATE /D_SCL_SECURE_NO_DEPRECATE /D_SECURE_SCL=0   /DMATLAB_MEX_FILE  /DMATLAB_MEX_FILE /O2 /Oy- /DNDEBUG /fp:strict /I "." /I "C:\Users\taku7\Desktop\最新drone\controller\func_HL_MPCholizontal" /I ".\interface" /I "C:\Program Files\MATLAB\R2020a\extern\include" /I "." -DHAVE_LAPACK_CONFIG_H -DLAPACK_COMPLEX_STRUCTURE -DMW_HAVE_LAPACK_DECLS -DMODEL=L_HL_MPCfunc_mex   L_HL_MPCfunc_initialize.c /Fobuild\win64\L_HL_MPCfunc_initialize.obj
L_HL_MPCfunc_initialize.c
[3/87] cl /c /Zp8 /GR /W3 /EHs /nologo /MD /D_CRT_SECURE_NO_DEPRECATE /D_SCL_SECURE_NO_DEPRECATE /D_SECURE_SCL=0   /DMATLAB_MEX_FILE  /DMATLAB_MEX_FILE /O2 /Oy- /DNDEBUG /fp:strict /I "." /I "C:\Users\taku7\Desktop\最新drone\controller\func_HL_MPCholizontal" /I ".\interface" /I "C:\Program Files\MATLAB\R2020a\extern\include" /I "." -DHAVE_LAPACK_CONFIG_H -DLAPACK_COMPLEX_STRUCTURE -DMW_HAVE_LAPACK_DECLS -DMODEL=L_HL_MPCfunc_mex   L_HL_MPCfunc_terminate.c /Fobuild\win64\L_HL_MPCfunc_terminate.obj
L_HL_MPCfunc_terminate.c
[4/87] cl /c /Zp8 /GR /W3 /EHs /nologo /MD /D_CRT_SECURE_NO_DEPRECATE /D_SCL_SECURE_NO_DEPRECATE /D_SECURE_SCL=0   /DMATLAB_MEX_FILE  /DMATLAB_MEX_FILE /O2 /Oy- /DNDEBUG /fp:strict /I "." /I "C:\Users\taku7\Desktop\最新drone\controller\func_HL_MPCholizontal" /I ".\interface" /I "C:\Program Files\MATLAB\R2020a\extern\include" /I "." -DHAVE_LAPACK_CONFIG_H -DLAPACK_COMPLEX_STRUCTURE -DMW_HAVE_LAPACK_DECLS -DMODEL=L_HL_MPCfunc_mex   rt_nonfinite.c /Fobuild\win64\rt_nonfinite.obj
rt_nonfinite.c
[5/87] cl /c /Zp8 /GR /W3 /EHs /nologo /MD /D_CRT_SECURE_NO_DEPRECATE /D_SCL_SECURE_NO_DEPRECATE /D_SECURE_SCL=0   /DMATLAB_MEX_FILE  /DMATLAB_MEX_FILE /O2 /Oy- /DNDEBUG /fp:strict /I "." /I "C:\Users\taku7\Desktop\最新drone\controller\func_HL_MPCholizontal" /I ".\interface" /I "C:\Program Files\MATLAB\R2020a\extern\include" /I "." -DHAVE_LAPACK_CONFIG_H -DLAPACK_COMPLEX_STRUCTURE -DMW_HAVE_LAPACK_DECLS -DMODEL=L_HL_MPCfunc_mex   saveJacobian.c /Fobuild\win64\saveJacobian.obj
saveJacobian.c
[6/87] cl /c /Zp8 /GR /W3 /EHs /nologo /MD /D_CRT_SECURE_NO_DEPRECATE /D_SCL_SECURE_NO_DEPRECATE /D_SECURE_SCL=0   /DMATLAB_MEX_FILE  /DMATLAB_MEX_FILE /O2 /Oy- /DNDEBUG /fp:strict /I "." /I "C:\Users\taku7\Desktop\最新drone\controller\func_HL_MPCholizontal" /I ".\interface" /I "C:\Program Files\MATLAB\R2020a\extern\include" /I "." -DHAVE_LAPACK_CONFIG_H -DLAPACK_COMPLEX_STRUCTURE -DMW_HAVE_LAPACK_DECLS -DMODEL=L_HL_MPCfunc_mex   xcopy.c /Fobuild\win64\xcopy.obj
xcopy.c
[7/87] cl /c /Zp8 /GR /W3 /EHs /nologo /MD /D_CRT_SECURE_NO_DEPRECATE /D_SCL_SECURE_NO_DEPRECATE /D_SECURE_SCL=0   /DMATLAB_MEX_FILE  /DMATLAB_MEX_FILE /O2 /Oy- /DNDEBUG /fp:strict /I "." /I "C:\Users\taku7\Desktop\最新drone\controller\func_HL_MPCholizontal" /I ".\interface" /I "C:\Program Files\MATLAB\R2020a\extern\include" /I "." -DHAVE_LAPACK_CONFIG_H -DLAPACK_COMPLEX_STRUCTURE -DMW_HAVE_LAPACK_DECLS -DMODEL=L_HL_MPCfunc_mex   factoryConstruct.c /Fobuild\win64\factoryConstruct.obj
factoryConstruct.c
[8/87] cl /c /Zp8 /GR /W3 /EHs /nologo /MD /D_CRT_SECURE_NO_DEPRECATE /D_SCL_SECURE_NO_DEPRECATE /D_SECURE_SCL=0   /DMATLAB_MEX_FILE  /DMATLAB_MEX_FILE /O2 /Oy- /DNDEBUG /fp:strict /I "." /I "C:\Users\taku7\Desktop\最新drone\controller\func_HL_MPCholizontal" /I ".\interface" /I "C:\Program Files\MATLAB\R2020a\extern\include" /I "." -DHAVE_LAPACK_CONFIG_H -DLAPACK_COMPLEX_STRUCTURE -DMW_HAVE_LAPACK_DECLS -DMODEL=L_HL_MPCfunc_mex   evalObjAndConstrAndDerivatives.c /Fobuild\win64\evalObjAndConstrAndDerivatives.obj
evalObjAndConstrAndDerivatives.c
[9/87] cl /c /Zp8 /GR /W3 /EHs /nologo /MD /D_CRT_SECURE_NO_DEPRECATE /D_SCL_SECURE_NO_DEPRECATE /D_SECURE_SCL=0   /DMATLAB_MEX_FILE  /DMATLAB_MEX_FILE /O2 /Oy- /DNDEBUG /fp:strict /I "." /I "C:\Users\taku7\Desktop\最新drone\controller\func_HL_MPCholizontal" /I ".\interface" /I "C:\Program Files\MATLAB\R2020a\extern\include" /I "." -DHAVE_LAPACK_CONFIG_H -DLAPACK_COMPLEX_STRUCTURE -DMW_HAVE_LAPACK_DECLS -DMODEL=L_HL_MPCfunc_mex   evalObjAndConstr.c /Fobuild\win64\evalObjAndConstr.obj
evalObjAndConstr.c
[10/87] cl /c /Zp8 /GR /W3 /EHs /nologo /MD /D_CRT_SECURE_NO_DEPRECATE /D_SCL_SECURE_NO_DEPRECATE /D_SECURE_SCL=0   /DMATLAB_MEX_FILE  /DMATLAB_MEX_FILE /O2 /Oy- /DNDEBUG /fp:strict /I "." /I "C:\Users\taku7\Desktop\最新drone\controller\func_HL_MPCholizontal" /I ".\interface" /I "C:\Program Files\MATLAB\R2020a\extern\include" /I "." -DHAVE_LAPACK_CONFIG_H -DLAPACK_COMPLEX_STRUCTURE -DMW_HAVE_LAPACK_DECLS -DMODEL=L_HL_MPCfunc_mex   eml_int_forloop_overflow_check.c /Fobuild\win64\eml_int_forloop_overflow_check.obj
eml_int_forloop_overflow_check.c
[11/87] cl /c /Zp8 /GR /W3 /EHs /nologo /MD /D_CRT_SECURE_NO_DEPRECATE /D_SCL_SECURE_NO_DEPRECATE /D_SECURE_SCL=0   /DMATLAB_MEX_FILE  /DMATLAB_MEX_FILE /O2 /Oy- /DNDEBUG /fp:strict /I "." /I "C:\Users\taku7\Desktop\最新drone\controller\func_HL_MPCholizontal" /I ".\interface" /I "C:\Program Files\MATLAB\R2020a\extern\include" /I "." -DHAVE_LAPACK_CONFIG_H -DLAPACK_COMPLEX_STRUCTURE -DMW_HAVE_LAPACK_DECLS -DMODEL=L_HL_MPCfunc_mex   checkLinearInputs.c /Fobuild\win64\checkLinearInputs.obj
checkLinearInputs.c
[12/87] cl /c /Zp8 /GR /W3 /EHs /nologo /MD /D_CRT_SECURE_NO_DEPRECATE /D_SCL_SECURE_NO_DEPRECATE /D_SECURE_SCL=0   /DMATLAB_MEX_FILE  /DMATLAB_MEX_FILE /O2 /Oy- /DNDEBUG /fp:strict /I "." /I "C:\Users\taku7\Desktop\最新drone\controller\func_HL_MPCholizontal" /I ".\interface" /I "C:\Program Files\MATLAB\R2020a\extern\include" /I "." -DHAVE_LAPACK_CONFIG_H -DLAPACK_COMPLEX_STRUCTURE -DMW_HAVE_LAPACK_DECLS -DMODEL=L_HL_MPCfunc_mex   factoryConstruct1.c /Fobuild\win64\factoryConstruct1.obj
factoryConstruct1.c
[13/87] cl /c /Zp8 /GR /W3 /EHs /nologo /MD /D_CRT_SECURE_NO_DEPRECATE /D_SCL_SECURE_NO_DEPRECATE /D_SECURE_SCL=0   /DMATLAB_MEX_FILE  /DMATLAB_MEX_FILE /O2 /Oy- /DNDEBUG /fp:strict /I "." /I "C:\Users\taku7\Desktop\最新drone\controller\func_HL_MPCholizontal" /I ".\interface" /I "C:\Program Files\MATLAB\R2020a\extern\include" /I "." -DHAVE_LAPACK_CONFIG_H -DLAPACK_COMPLEX_STRUCTURE -DMW_HAVE_LAPACK_DECLS -DMODEL=L_HL_MPCfunc_mex   fmincon.c /Fobuild\win64\fmincon.obj
fmincon.c
[14/87] cl /c /Zp8 /GR /W3 /EHs /nologo /MD /D_CRT_SECURE_NO_DEPRECATE /D_SCL_SECURE_NO_DEPRECATE /D_SECURE_SCL=0   /DMATLAB_MEX_FILE  /DMATLAB_MEX_FILE /O2 /Oy- /DNDEBUG /fp:strict /I "." /I "C:\Users\taku7\Desktop\最新drone\controller\func_HL_MPCholizontal" /I ".\interface" /I "C:\Program Files\MATLAB\R2020a\extern\include" /I "." -DHAVE_LAPACK_CONFIG_H -DLAPACK_COMPLEX_STRUCTURE -DMW_HAVE_LAPACK_DECLS -DMODEL=L_HL_MPCfunc_mex   factor.c /Fobuild\win64\factor.obj
factor.c
[15/87] cl /c /Zp8 /GR /W3 /EHs /nologo /MD /D_CRT_SECURE_NO_DEPRECATE /D_SCL_SECURE_NO_DEPRECATE /D_SECURE_SCL=0   /DMATLAB_MEX_FILE  /DMATLAB_MEX_FILE /O2 /Oy- /DNDEBUG /fp:strict /I "." /I "C:\Users\taku7\Desktop\最新drone\controller\func_HL_MPCholizontal" /I ".\interface" /I "C:\Program Files\MATLAB\R2020a\extern\include" /I "." -DHAVE_LAPACK_CONFIG_H -DLAPACK_COMPLEX_STRUCTURE -DMW_HAVE_LAPACK_DECLS -DMODEL=L_HL_MPCfunc_mex   solve.c /Fobuild\win64\solve.obj
solve.c
[16/87] cl /c /Zp8 /GR /W3 /EHs /nologo /MD /D_CRT_SECURE_NO_DEPRECATE /D_SCL_SECURE_NO_DEPRECATE /D_SECURE_SCL=0   /DMATLAB_MEX_FILE  /DMATLAB_MEX_FILE /O2 /Oy- /DNDEBUG /fp:strict /I "." /I "C:\Users\taku7\Desktop\最新drone\controller\func_HL_MPCholizontal" /I ".\interface" /I "C:\Program Files\MATLAB\R2020a\extern\include" /I "." -DHAVE_LAPACK_CONFIG_H -DLAPACK_COMPLEX_STRUCTURE -DMW_HAVE_LAPACK_DECLS -DMODEL=L_HL_MPCfunc_mex   factorQRE.c /Fobuild\win64\factorQRE.obj
factorQRE.c
[17/87] cl /c /Zp8 /GR /W3 /EHs /nologo /MD /D_CRT_SECURE_NO_DEPRECATE /D_SCL_SECURE_NO_DEPRECATE /D_SECURE_SCL=0   /DMATLAB_MEX_FILE  /DMATLAB_MEX_FILE /O2 /Oy- /DNDEBUG /fp:strict /I "." /I "C:\Users\taku7\Desktop\最新drone\controller\func_HL_MPCholizontal" /I ".\interface" /I "C:\Program Files\MATLAB\R2020a\extern\include" /I "." -DHAVE_LAPACK_CONFIG_H -DLAPACK_COMPLEX_STRUCTURE -DMW_HAVE_LAPACK_DECLS -DMODEL=L_HL_MPCfunc_mex   factorQR.c /Fobuild\win64\factorQR.obj
factorQR.c
[18/87] cl /c /Zp8 /GR /W3 /EHs /nologo /MD /D_CRT_SECURE_NO_DEPRECATE /D_SCL_SECURE_NO_DEPRECATE /D_SECURE_SCL=0   /DMATLAB_MEX_FILE  /DMATLAB_MEX_FILE /O2 /Oy- /DNDEBUG /fp:strict /I "." /I "C:\Users\taku7\Desktop\最新drone\controller\func_HL_MPCholizontal" /I ".\interface" /I "C:\Program Files\MATLAB\R2020a\extern\include" /I "." -DHAVE_LAPACK_CONFIG_H -DLAPACK_COMPLEX_STRUCTURE -DMW_HAVE_LAPACK_DECLS -DMODEL=L_HL_MPCfunc_mex   computeGrad_StoreHx.c /Fobuild\win64\computeGrad_StoreHx.obj
computeGrad_StoreHx.c
[19/87] cl /c /Zp8 /GR /W3 /EHs /nologo /MD /D_CRT_SECURE_NO_DEPRECATE /D_SCL_SECURE_NO_DEPRECATE /D_SECURE_SCL=0   /DMATLAB_MEX_FILE  /DMATLAB_MEX_FILE /O2 /Oy- /DNDEBUG /fp:strict /I "." /I "C:\Users\taku7\Desktop\最新drone\controller\func_HL_MPCholizontal" /I ".\interface" /I "C:\Program Files\MATLAB\R2020a\extern\include" /I "." -DHAVE_LAPACK_CONFIG_H -DLAPACK_COMPLEX_STRUCTURE -DMW_HAVE_LAPACK_DECLS -DMODEL=L_HL_MPCfunc_mex   squareQ_appendCol.c /Fobuild\win64\squareQ_appendCol.obj
squareQ_appendCol.c
[20/87] cl /c /Zp8 /GR /W3 /EHs /nologo /MD /D_CRT_SECURE_NO_DEPRECATE /D_SCL_SECURE_NO_DEPRECATE /D_SECURE_SCL=0   /DMATLAB_MEX_FILE  /DMATLAB_MEX_FILE /O2 /Oy- /DNDEBUG /fp:strict /I "." /I "C:\Users\taku7\Desktop\最新drone\controller\func_HL_MPCholizontal" /I ".\interface" /I "C:\Program Files\MATLAB\R2020a\extern\include" /I "." -DHAVE_LAPACK_CONFIG_H -DLAPACK_COMPLEX_STRUCTURE -DMW_HAVE_LAPACK_DECLS -DMODEL=L_HL_MPCfunc_mex   computeFval_ReuseHx.c /Fobuild\win64\computeFval_ReuseHx.obj
computeFval_ReuseHx.c
[21/87] cl /c /Zp8 /GR /W3 /EHs /nologo /MD /D_CRT_SECURE_NO_DEPRECATE /D_SCL_SECURE_NO_DEPRECATE /D_SECURE_SCL=0   /DMATLAB_MEX_FILE  /DMATLAB_MEX_FILE /O2 /Oy- /DNDEBUG /fp:strict /I "." /I "C:\Users\taku7\Desktop\最新drone\controller\func_HL_MPCholizontal" /I ".\interface" /I "C:\Program Files\MATLAB\R2020a\extern\include" /I "." -DHAVE_LAPACK_CONFIG_H -DLAPACK_COMPLEX_STRUCTURE -DMW_HAVE_LAPACK_DECLS -DMODEL=L_HL_MPCfunc_mex   linearForm_.c /Fobuild\win64\linearForm_.obj
linearForm_.c
[22/87] cl /c /Zp8 /GR /W3 /EHs /nologo /MD /D_CRT_SECURE_NO_DEPRECATE /D_SCL_SECURE_NO_DEPRECATE /D_SECURE_SCL=0   /DMATLAB_MEX_FILE  /DMATLAB_MEX_FILE /O2 /Oy- /DNDEBUG /fp:strict /I "." /I "C:\Users\taku7\Desktop\最新drone\controller\func_HL_MPCholizontal" /I ".\interface" /I "C:\Program Files\MATLAB\R2020a\extern\include" /I "." -DHAVE_LAPACK_CONFIG_H -DLAPACK_COMPLEX_STRUCTURE -DMW_HAVE_LAPACK_DECLS -DMODEL=L_HL_MPCfunc_mex   computeFval.c /Fobuild\win64\computeFval.obj
computeFval.c
[23/87] cl /c /Zp8 /GR /W3 /EHs /nologo /MD /D_CRT_SECURE_NO_DEPRECATE /D_SCL_SECURE_NO_DEPRECATE /D_SECURE_SCL=0   /DMATLAB_MEX_FILE  /DMATLAB_MEX_FILE /O2 /Oy- /DNDEBUG /fp:strict /I "." /I "C:\Users\taku7\Desktop\最新drone\controller\func_HL_MPCholizontal" /I ".\interface" /I "C:\Program Files\MATLAB\R2020a\extern\include" /I "." -DHAVE_LAPACK_CONFIG_H -DLAPACK_COMPLEX_STRUCTURE -DMW_HAVE_LAPACK_DECLS -DMODEL=L_HL_MPCfunc_mex   factoryConstruct2.c /Fobuild\win64\factoryConstruct2.obj
factoryConstruct2.c
[24/87] cl /c /Zp8 /GR /W3 /EHs /nologo /MD /D_CRT_SECURE_NO_DEPRECATE /D_SCL_SECURE_NO_DEPRECATE /D_SECURE_SCL=0   /DMATLAB_MEX_FILE  /DMATLAB_MEX_FILE /O2 /Oy- /DNDEBUG /fp:strict /I "." /I "C:\Users\taku7\Desktop\最新drone\controller\func_HL_MPCholizontal" /I ".\interface" /I "C:\Program Files\MATLAB\R2020a\extern\include" /I "." -DHAVE_LAPACK_CONFIG_H -DLAPACK_COMPLEX_STRUCTURE -DMW_HAVE_LAPACK_DECLS -DMODEL=L_HL_MPCfunc_mex   modifyOverheadPhaseOne_.c /Fobuild\win64\modifyOverheadPhaseOne_.obj
modifyOverheadPhaseOne_.c
[25/87] cl /c /Zp8 /GR /W3 /EHs /nologo /MD /D_CRT_SECURE_NO_DEPRECATE /D_SCL_SECURE_NO_DEPRECATE /D_SECURE_SCL=0   /DMATLAB_MEX_FILE  /DMATLAB_MEX_FILE /O2 /Oy- /DNDEBUG /fp:strict /I "." /I "C:\Users\taku7\Desktop\最新drone\controller\func_HL_MPCholizontal" /I ".\interface" /I "C:\Program Files\MATLAB\R2020a\extern\include" /I "." -DHAVE_LAPACK_CONFIG_H -DLAPACK_COMPLEX_STRUCTURE -DMW_HAVE_LAPACK_DECLS -DMODEL=L_HL_MPCfunc_mex   computeFiniteDifferences.c /Fobuild\win64\computeFiniteDifferences.obj
computeFiniteDifferences.c
[26/87] cl /c /Zp8 /GR /W3 /EHs /nologo /MD /D_CRT_SECURE_NO_DEPRECATE /D_SCL_SECURE_NO_DEPRECATE /D_SECURE_SCL=0   /DMATLAB_MEX_FILE  /DMATLAB_MEX_FILE /O2 /Oy- /DNDEBUG /fp:strict /I "." /I "C:\Users\taku7\Desktop\最新drone\controller\func_HL_MPCholizontal" /I ".\interface" /I "C:\Program Files\MATLAB\R2020a\extern\include" /I "." -DHAVE_LAPACK_CONFIG_H -DLAPACK_COMPLEX_STRUCTURE -DMW_HAVE_LAPACK_DECLS -DMODEL=L_HL_MPCfunc_mex   factoryConstruct3.c /Fobuild\win64\factoryConstruct3.obj
factoryConstruct3.c
[27/87] cl /c /Zp8 /GR /W3 /EHs /nologo /MD /D_CRT_SECURE_NO_DEPRECATE /D_SCL_SECURE_NO_DEPRECATE /D_SECURE_SCL=0   /DMATLAB_MEX_FILE  /DMATLAB_MEX_FILE /O2 /Oy- /DNDEBUG /fp:strict /I "." /I "C:\Users\taku7\Desktop\最新drone\controller\func_HL_MPCholizontal" /I ".\interface" /I "C:\Program Files\MATLAB\R2020a\extern\include" /I "." -DHAVE_LAPACK_CONFIG_H -DLAPACK_COMPLEX_STRUCTURE -DMW_HAVE_LAPACK_DECLS -DMODEL=L_HL_MPCfunc_mex   removeAllIneqConstr.c /Fobuild\win64\removeAllIneqConstr.obj
removeAllIneqConstr.c
[28/87] cl /c /Zp8 /GR /W3 /EHs /nologo /MD /D_CRT_SECURE_NO_DEPRECATE /D_SCL_SECURE_NO_DEPRECATE /D_SECURE_SCL=0   /DMATLAB_MEX_FILE  /DMATLAB_MEX_FILE /O2 /Oy- /DNDEBUG /fp:strict /I "." /I "C:\Users\taku7\Desktop\最新drone\controller\func_HL_MPCholizontal" /I ".\interface" /I "C:\Program Files\MATLAB\R2020a\extern\include" /I "." -DHAVE_LAPACK_CONFIG_H -DLAPACK_COMPLEX_STRUCTURE -DMW_HAVE_LAPACK_DECLS -DMODEL=L_HL_MPCfunc_mex   addAeqConstr.c /Fobuild\win64\addAeqConstr.obj
addAeqConstr.c
[29/87] cl /c /Zp8 /GR /W3 /EHs /nologo /MD /D_CRT_SECURE_NO_DEPRECATE /D_SCL_SECURE_NO_DEPRECATE /D_SECURE_SCL=0   /DMATLAB_MEX_FILE  /DMATLAB_MEX_FILE /O2 /Oy- /DNDEBUG /fp:strict /I "." /I "C:\Users\taku7\Desktop\最新drone\controller\func_HL_MPCholizontal" /I ".\interface" /I "C:\Program Files\MATLAB\R2020a\extern\include" /I "." -DHAVE_LAPACK_CONFIG_H -DLAPACK_COMPLEX_STRUCTURE -DMW_HAVE_LAPACK_DECLS -DMODEL=L_HL_MPCfunc_mex   setProblemType.c /Fobuild\win64\setProblemType.obj
setProblemType.c
[30/87] cl /c /Zp8 /GR /W3 /EHs /nologo /MD /D_CRT_SECURE_NO_DEPRECATE /D_SCL_SECURE_NO_DEPRECATE /D_SECURE_SCL=0   /DMATLAB_MEX_FILE  /DMATLAB_MEX_FILE /O2 /Oy- /DNDEBUG /fp:strict /I "." /I "C:\Users\taku7\Desktop\最新drone\controller\func_HL_MPCholizontal" /I ".\interface" /I "C:\Program Files\MATLAB\R2020a\extern\include" /I "." -DHAVE_LAPACK_CONFIG_H -DLAPACK_COMPLEX_STRUCTURE -DMW_HAVE_LAPACK_DECLS -DMODEL=L_HL_MPCfunc_mex   computeConstrViolationEq_.c /Fobuild\win64\computeConstrViolationEq_.obj
computeConstrViolationEq_.c
[31/87] cl /c /Zp8 /GR /W3 /EHs /nologo /MD /D_CRT_SECURE_NO_DEPRECATE /D_SCL_SECURE_NO_DEPRECATE /D_SECURE_SCL=0   /DMATLAB_MEX_FILE  /DMATLAB_MEX_FILE /O2 /Oy- /DNDEBUG /fp:strict /I "." /I "C:\Users\taku7\Desktop\最新drone\controller\func_HL_MPCholizontal" /I ".\interface" /I "C:\Program Files\MATLAB\R2020a\extern\include" /I "." -DHAVE_LAPACK_CONFIG_H -DLAPACK_COMPLEX_STRUCTURE -DMW_HAVE_LAPACK_DECLS -DMODEL=L_HL_MPCfunc_mex   modifyOverheadRegularized_.c /Fobuild\win64\modifyOverheadRegularized_.obj
modifyOverheadRegularized_.c
[32/87] cl /c /Zp8 /GR /W3 /EHs /nologo /MD /D_CRT_SECURE_NO_DEPRECATE /D_SCL_SECURE_NO_DEPRECATE /D_SECURE_SCL=0   /DMATLAB_MEX_FILE  /DMATLAB_MEX_FILE /O2 /Oy- /DNDEBUG /fp:strict /I "." /I "C:\Users\taku7\Desktop\最新drone\controller\func_HL_MPCholizontal" /I ".\interface" /I "C:\Program Files\MATLAB\R2020a\extern\include" /I "." -DHAVE_LAPACK_CONFIG_H -DLAPACK_COMPLEX_STRUCTURE -DMW_HAVE_LAPACK_DECLS -DMODEL=L_HL_MPCfunc_mex   updateWorkingSetForNewQP.c /Fobuild\win64\updateWorkingSetForNewQP.obj
updateWorkingSetForNewQP.c
[33/87] cl /c /Zp8 /GR /W3 /EHs /nologo /MD /D_CRT_SECURE_NO_DEPRECATE /D_SCL_SECURE_NO_DEPRECATE /D_SECURE_SCL=0   /DMATLAB_MEX_FILE  /DMATLAB_MEX_FILE /O2 /Oy- /DNDEBUG /fp:strict /I "." /I "C:\Users\taku7\Desktop\最新drone\controller\func_HL_MPCholizontal" /I ".\interface" /I "C:\Program Files\MATLAB\R2020a\extern\include" /I "." -DHAVE_LAPACK_CONFIG_H -DLAPACK_COMPLEX_STRUCTURE -DMW_HAVE_LAPACK_DECLS -DMODEL=L_HL_MPCfunc_mex   moveConstraint_.c /Fobuild\win64\moveConstraint_.obj
moveConstraint_.c
[34/87] cl /c /Zp8 /GR /W3 /EHs /nologo /MD /D_CRT_SECURE_NO_DEPRECATE /D_SCL_SECURE_NO_DEPRECATE /D_SECURE_SCL=0   /DMATLAB_MEX_FILE  /DMATLAB_MEX_FILE /O2 /Oy- /DNDEBUG /fp:strict /I "." /I "C:\Users\taku7\Desktop\最新drone\controller\func_HL_MPCholizontal" /I ".\interface" /I "C:\Program Files\MATLAB\R2020a\extern\include" /I "." -DHAVE_LAPACK_CONFIG_H -DLAPACK_COMPLEX_STRUCTURE -DMW_HAVE_LAPACK_DECLS -DMODEL=L_HL_MPCfunc_mex   maxConstraintViolation.c /Fobuild\win64\maxConstraintViolation.obj
maxConstraintViolation.c
[35/87] cl /c /Zp8 /GR /W3 /EHs /nologo /MD /D_CRT_SECURE_NO_DEPRECATE /D_SCL_SECURE_NO_DEPRECATE /D_SECURE_SCL=0   /DMATLAB_MEX_FILE  /DMATLAB_MEX_FILE /O2 /Oy- /DNDEBUG /fp:strict /I "." /I "C:\Users\taku7\Desktop\最新drone\controller\func_HL_MPCholizontal" /I ".\interface" /I "C:\Program Files\MATLAB\R2020a\extern\include" /I "." -DHAVE_LAPACK_CONFIG_H -DLAPACK_COMPLEX_STRUCTURE -DMW_HAVE_LAPACK_DECLS -DMODEL=L_HL_MPCfunc_mex   computeConstraints_.c /Fobuild\win64\computeConstraints_.obj
computeConstraints_.c
[36/87] cl /c /Zp8 /GR /W3 /EHs /nologo /MD /D_CRT_SECURE_NO_DEPRECATE /D_SCL_SECURE_NO_DEPRECATE /D_SECURE_SCL=0   /DMATLAB_MEX_FILE  /DMATLAB_MEX_FILE /O2 /Oy- /DNDEBUG /fp:strict /I "." /I "C:\Users\taku7\Desktop\最新drone\controller\func_HL_MPCholizontal" /I ".\interface" /I "C:\Program Files\MATLAB\R2020a\extern\include" /I "." -DHAVE_LAPACK_CONFIG_H -DLAPACK_COMPLEX_STRUCTURE -DMW_HAVE_LAPACK_DECLS -DMODEL=L_HL_MPCfunc_mex   xasum.c /Fobuild\win64\xasum.obj
xasum.c
[37/87] cl /c /Zp8 /GR /W3 /EHs /nologo /MD /D_CRT_SECURE_NO_DEPRECATE /D_SCL_SECURE_NO_DEPRECATE /D_SECURE_SCL=0   /DMATLAB_MEX_FILE  /DMATLAB_MEX_FILE /O2 /Oy- /DNDEBUG /fp:strict /I "." /I "C:\Users\taku7\Desktop\最新drone\controller\func_HL_MPCholizontal" /I ".\interface" /I "C:\Program Files\MATLAB\R2020a\extern\include" /I "." -DHAVE_LAPACK_CONFIG_H -DLAPACK_COMPLEX_STRUCTURE -DMW_HAVE_LAPACK_DECLS -DMODEL=L_HL_MPCfunc_mex   addBoundToActiveSetMatrix_.c /Fobuild\win64\addBoundToActiveSetMatrix_.obj
addBoundToActiveSetMatrix_.c
[38/87] cl /c /Zp8 /GR /W3 /EHs /nologo /MD /D_CRT_SECURE_NO_DEPRECATE /D_SCL_SECURE_NO_DEPRECATE /D_SECURE_SCL=0   /DMATLAB_MEX_FILE  /DMATLAB_MEX_FILE /O2 /Oy- /DNDEBUG /fp:strict /I "." /I "C:\Users\taku7\Desktop\最新drone\controller\func_HL_MPCholizontal" /I ".\interface" /I "C:\Program Files\MATLAB\R2020a\extern\include" /I "." -DHAVE_LAPACK_CONFIG_H -DLAPACK_COMPLEX_STRUCTURE -DMW_HAVE_LAPACK_DECLS -DMODEL=L_HL_MPCfunc_mex   isDeltaXTooSmall.c /Fobuild\win64\isDeltaXTooSmall.obj
isDeltaXTooSmall.c
[39/87] cl /c /Zp8 /GR /W3 /EHs /nologo /MD /D_CRT_SECURE_NO_DEPRECATE /D_SCL_SECURE_NO_DEPRECATE /D_SECURE_SCL=0   /DMATLAB_MEX_FILE  /DMATLAB_MEX_FILE /O2 /Oy- /DNDEBUG /fp:strict /I "." /I "C:\Users\taku7\Desktop\最新drone\controller\func_HL_MPCholizontal" /I ".\interface" /I "C:\Program Files\MATLAB\R2020a\extern\include" /I "." -DHAVE_LAPACK_CONFIG_H -DLAPACK_COMPLEX_STRUCTURE -DMW_HAVE_LAPACK_DECLS -DMODEL=L_HL_MPCfunc_mex   computeComplError.c /Fobuild\win64\computeComplError.obj
computeComplError.c
[40/87] cl /c /Zp8 /GR /W3 /EHs /nologo /MD /D_CRT_SECURE_NO_DEPRECATE /D_SCL_SECURE_NO_DEPRECATE /D_SECURE_SCL=0   /DMATLAB_MEX_FILE  /DMATLAB_MEX_FILE /O2 /Oy- /DNDEBUG /fp:strict /I "." /I "C:\Users\taku7\Desktop\最新drone\controller\func_HL_MPCholizontal" /I ".\interface" /I "C:\Program Files\MATLAB\R2020a\extern\include" /I "." -DHAVE_LAPACK_CONFIG_H -DLAPACK_COMPLEX_STRUCTURE -DMW_HAVE_LAPACK_DECLS -DMODEL=L_HL_MPCfunc_mex   xgeqp3.c /Fobuild\win64\xgeqp3.obj
xgeqp3.c
[41/87] cl /c /Zp8 /GR /W3 /EHs /nologo /MD /D_CRT_SECURE_NO_DEPRECATE /D_SCL_SECURE_NO_DEPRECATE /D_SECURE_SCL=0   /DMATLAB_MEX_FILE  /DMATLAB_MEX_FILE /O2 /Oy- /DNDEBUG /fp:strict /I "." /I "C:\Users\taku7\Desktop\最新drone\controller\func_HL_MPCholizontal" /I ".\interface" /I "C:\Program Files\MATLAB\R2020a\extern\include" /I "." -DHAVE_LAPACK_CONFIG_H -DLAPACK_COMPLEX_STRUCTURE -DMW_HAVE_LAPACK_DECLS -DMODEL=L_HL_MPCfunc_mex   computePrimalFeasError.c /Fobuild\win64\computePrimalFeasError.obj
computePrimalFeasError.c
[42/87] cl /c /Zp8 /GR /W3 /EHs /nologo /MD /D_CRT_SECURE_NO_DEPRECATE /D_SCL_SECURE_NO_DEPRECATE /D_SECURE_SCL=0   /DMATLAB_MEX_FILE  /DMATLAB_MEX_FILE /O2 /Oy- /DNDEBUG /fp:strict /I "." /I "C:\Users\taku7\Desktop\最新drone\controller\func_HL_MPCholizontal" /I ".\interface" /I "C:\Program Files\MATLAB\R2020a\extern\include" /I "." -DHAVE_LAPACK_CONFIG_H -DLAPACK_COMPLEX_STRUCTURE -DMW_HAVE_LAPACK_DECLS -DMODEL=L_HL_MPCfunc_mex   computeLambdaLSQ.c /Fobuild\win64\computeLambdaLSQ.obj
computeLambdaLSQ.c
[43/87] cl /c /Zp8 /GR /W3 /EHs /nologo /MD /D_CRT_SECURE_NO_DEPRECATE /D_SCL_SECURE_NO_DEPRECATE /D_SECURE_SCL=0   /DMATLAB_MEX_FILE  /DMATLAB_MEX_FILE /O2 /Oy- /DNDEBUG /fp:strict /I "." /I "C:\Users\taku7\Desktop\最新drone\controller\func_HL_MPCholizontal" /I ".\interface" /I "C:\Program Files\MATLAB\R2020a\extern\include" /I "." -DHAVE_LAPACK_CONFIG_H -DLAPACK_COMPLEX_STRUCTURE -DMW_HAVE_LAPACK_DECLS -DMODEL=L_HL_MPCfunc_mex   driver.c /Fobuild\win64\driver.obj
driver.c
[44/87] cl /c /Zp8 /GR /W3 /EHs /nologo /MD /D_CRT_SECURE_NO_DEPRECATE /D_SCL_SECURE_NO_DEPRECATE /D_SECURE_SCL=0   /DMATLAB_MEX_FILE  /DMATLAB_MEX_FILE /O2 /Oy- /DNDEBUG /fp:strict /I "." /I "C:\Users\taku7\Desktop\最新drone\controller\func_HL_MPCholizontal" /I ".\interface" /I "C:\Program Files\MATLAB\R2020a\extern\include" /I "." -DHAVE_LAPACK_CONFIG_H -DLAPACK_COMPLEX_STRUCTURE -DMW_HAVE_LAPACK_DECLS -DMODEL=L_HL_MPCfunc_mex   test_exit.c /Fobuild\win64\test_exit.obj
test_exit.c
[45/87] cl /c /Zp8 /GR /W3 /EHs /nologo /MD /D_CRT_SECURE_NO_DEPRECATE /D_SCL_SECURE_NO_DEPRECATE /D_SECURE_SCL=0   /DMATLAB_MEX_FILE  /DMATLAB_MEX_FILE /O2 /Oy- /DNDEBUG /fp:strict /I "." /I "C:\Users\taku7\Desktop\最新drone\controller\func_HL_MPCholizontal" /I ".\interface" /I "C:\Program Files\MATLAB\R2020a\extern\include" /I "." -DHAVE_LAPACK_CONFIG_H -DLAPACK_COMPLEX_STRUCTURE -DMW_HAVE_LAPACK_DECLS -DMODEL=L_HL_MPCfunc_mex   ixamax.c /Fobuild\win64\ixamax.obj
ixamax.c
[46/87] cl /c /Zp8 /GR /W3 /EHs /nologo /MD /D_CRT_SECURE_NO_DEPRECATE /D_SCL_SECURE_NO_DEPRECATE /D_SECURE_SCL=0   /DMATLAB_MEX_FILE  /DMATLAB_MEX_FILE /O2 /Oy- /DNDEBUG /fp:strict /I "." /I "C:\Users\taku7\Desktop\最新drone\controller\func_HL_MPCholizontal" /I ".\interface" /I "C:\Program Files\MATLAB\R2020a\extern\include" /I "." -DHAVE_LAPACK_CONFIG_H -DLAPACK_COMPLEX_STRUCTURE -DMW_HAVE_LAPACK_DECLS -DMODEL=L_HL_MPCfunc_mex   xgemv.c /Fobuild\win64\xgemv.obj
xgemv.c
[47/87] cl /c /Zp8 /GR /W3 /EHs /nologo /MD /D_CRT_SECURE_NO_DEPRECATE /D_SCL_SECURE_NO_DEPRECATE /D_SECURE_SCL=0   /DMATLAB_MEX_FILE  /DMATLAB_MEX_FILE /O2 /Oy- /DNDEBUG /fp:strict /I "." /I "C:\Users\taku7\Desktop\最新drone\controller\func_HL_MPCholizontal" /I ".\interface" /I "C:\Program Files\MATLAB\R2020a\extern\include" /I "." -DHAVE_LAPACK_CONFIG_H -DLAPACK_COMPLEX_STRUCTURE -DMW_HAVE_LAPACK_DECLS -DMODEL=L_HL_MPCfunc_mex   finDiffEvalAndChkErr.c /Fobuild\win64\finDiffEvalAndChkErr.obj
finDiffEvalAndChkErr.c
[48/87] cl /c /Zp8 /GR /W3 /EHs /nologo /MD /D_CRT_SECURE_NO_DEPRECATE /D_SCL_SECURE_NO_DEPRECATE /D_SECURE_SCL=0   /DMATLAB_MEX_FILE  /DMATLAB_MEX_FILE /O2 /Oy- /DNDEBUG /fp:strict /I "." /I "C:\Users\taku7\Desktop\最新drone\controller\func_HL_MPCholizontal" /I ".\interface" /I "C:\Program Files\MATLAB\R2020a\extern\include" /I "." -DHAVE_LAPACK_CONFIG_H -DLAPACK_COMPLEX_STRUCTURE -DMW_HAVE_LAPACK_DECLS -DMODEL=L_HL_MPCfunc_mex   computeGradLag.c /Fobuild\win64\computeGradLag.obj
computeGradLag.c
[49/87] cl /c /Zp8 /GR /W3 /EHs /nologo /MD /D_CRT_SECURE_NO_DEPRECATE /D_SCL_SECURE_NO_DEPRECATE /D_SECURE_SCL=0   /DMATLAB_MEX_FILE  /DMATLAB_MEX_FILE /O2 /Oy- /DNDEBUG /fp:strict /I "." /I "C:\Users\taku7\Desktop\最新drone\controller\func_HL_MPCholizontal" /I ".\interface" /I "C:\Program Files\MATLAB\R2020a\extern\include" /I "." -DHAVE_LAPACK_CONFIG_H -DLAPACK_COMPLEX_STRUCTURE -DMW_HAVE_LAPACK_DECLS -DMODEL=L_HL_MPCfunc_mex   computeDualFeasError.c /Fobuild\win64\computeDualFeasError.obj
computeDualFeasError.c
[50/87] cl /c /Zp8 /GR /W3 /EHs /nologo /MD /D_CRT_SECURE_NO_DEPRECATE /D_SCL_SECURE_NO_DEPRECATE /D_SECURE_SCL=0   /DMATLAB_MEX_FILE  /DMATLAB_MEX_FILE /O2 /Oy- /DNDEBUG /fp:strict /I "." /I "C:\Users\taku7\Desktop\最新drone\controller\func_HL_MPCholizontal" /I ".\interface" /I "C:\Program Files\MATLAB\R2020a\extern\include" /I "." -DHAVE_LAPACK_CONFIG_H -DLAPACK_COMPLEX_STRUCTURE -DMW_HAVE_LAPACK_DECLS -DMODEL=L_HL_MPCfunc_mex   computeQ_.c /Fobuild\win64\computeQ_.obj
computeQ_.c
[51/87] cl /c /Zp8 /GR /W3 /EHs /nologo /MD /D_CRT_SECURE_NO_DEPRECATE /D_SCL_SECURE_NO_DEPRECATE /D_SECURE_SCL=0   /DMATLAB_MEX_FILE  /DMATLAB_MEX_FILE /O2 /Oy- /DNDEBUG /fp:strict /I "." /I "C:\Users\taku7\Desktop\最新drone\controller\func_HL_MPCholizontal" /I ".\interface" /I "C:\Program Files\MATLAB\R2020a\extern\include" /I "." -DHAVE_LAPACK_CONFIG_H -DLAPACK_COMPLEX_STRUCTURE -DMW_HAVE_LAPACK_DECLS -DMODEL=L_HL_MPCfunc_mex   driver1.c /Fobuild\win64\driver1.obj
driver1.c
[52/87] cl /c /Zp8 /GR /W3 /EHs /nologo /MD /D_CRT_SECURE_NO_DEPRECATE /D_SCL_SECURE_NO_DEPRECATE /D_SECURE_SCL=0   /DMATLAB_MEX_FILE  /DMATLAB_MEX_FILE /O2 /Oy- /DNDEBUG /fp:strict /I "." /I "C:\Users\taku7\Desktop\最新drone\controller\func_HL_MPCholizontal" /I ".\interface" /I "C:\Program Files\MATLAB\R2020a\extern\include" /I "." -DHAVE_LAPACK_CONFIG_H -DLAPACK_COMPLEX_STRUCTURE -DMW_HAVE_LAPACK_DECLS -DMODEL=L_HL_MPCfunc_mex   step.c /Fobuild\win64\step.obj
step.c
[53/87] cl /c /Zp8 /GR /W3 /EHs /nologo /MD /D_CRT_SECURE_NO_DEPRECATE /D_SCL_SECURE_NO_DEPRECATE /D_SECURE_SCL=0   /DMATLAB_MEX_FILE  /DMATLAB_MEX_FILE /O2 /Oy- /DNDEBUG /fp:strict /I "." /I "C:\Users\taku7\Desktop\最新drone\controller\func_HL_MPCholizontal" /I ".\interface" /I "C:\Program Files\MATLAB\R2020a\extern\include" /I "." -DHAVE_LAPACK_CONFIG_H -DLAPACK_COMPLEX_STRUCTURE -DMW_HAVE_LAPACK_DECLS -DMODEL=L_HL_MPCfunc_mex   xtrsv.c /Fobuild\win64\xtrsv.obj
xtrsv.c
[54/87] cl /c /Zp8 /GR /W3 /EHs /nologo /MD /D_CRT_SECURE_NO_DEPRECATE /D_SCL_SECURE_NO_DEPRECATE /D_SECURE_SCL=0   /DMATLAB_MEX_FILE  /DMATLAB_MEX_FILE /O2 /Oy- /DNDEBUG /fp:strict /I "." /I "C:\Users\taku7\Desktop\最新drone\controller\func_HL_MPCholizontal" /I ".\interface" /I "C:\Program Files\MATLAB\R2020a\extern\include" /I "." -DHAVE_LAPACK_CONFIG_H -DLAPACK_COMPLEX_STRUCTURE -DMW_HAVE_LAPACK_DECLS -DMODEL=L_HL_MPCfunc_mex   sortLambdaQP.c /Fobuild\win64\sortLambdaQP.obj
sortLambdaQP.c
[55/87] cl /c /Zp8 /GR /W3 /EHs /nologo /MD /D_CRT_SECURE_NO_DEPRECATE /D_SCL_SECURE_NO_DEPRECATE /D_SECURE_SCL=0   /DMATLAB_MEX_FILE  /DMATLAB_MEX_FILE /O2 /Oy- /DNDEBUG /fp:strict /I "." /I "C:\Users\taku7\Desktop\最新drone\controller\func_HL_MPCholizontal" /I ".\interface" /I "C:\Program Files\MATLAB\R2020a\extern\include" /I "." -DHAVE_LAPACK_CONFIG_H -DLAPACK_COMPLEX_STRUCTURE -DMW_HAVE_LAPACK_DECLS -DMODEL=L_HL_MPCfunc_mex   RemoveDependentEq_.c /Fobuild\win64\RemoveDependentEq_.obj
RemoveDependentEq_.c
[56/87] cl /c /Zp8 /GR /W3 /EHs /nologo /MD /D_CRT_SECURE_NO_DEPRECATE /D_SCL_SECURE_NO_DEPRECATE /D_SECURE_SCL=0   /DMATLAB_MEX_FILE  /DMATLAB_MEX_FILE /O2 /Oy- /DNDEBUG /fp:strict /I "." /I "C:\Users\taku7\Desktop\最新drone\controller\func_HL_MPCholizontal" /I ".\interface" /I "C:\Program Files\MATLAB\R2020a\extern\include" /I "." -DHAVE_LAPACK_CONFIG_H -DLAPACK_COMPLEX_STRUCTURE -DMW_HAVE_LAPACK_DECLS -DMODEL=L_HL_MPCfunc_mex   normal.c /Fobuild\win64\normal.obj
normal.c
[57/87] cl /c /Zp8 /GR /W3 /EHs /nologo /MD /D_CRT_SECURE_NO_DEPRECATE /D_SCL_SECURE_NO_DEPRECATE /D_SECURE_SCL=0   /DMATLAB_MEX_FILE  /DMATLAB_MEX_FILE /O2 /Oy- /DNDEBUG /fp:strict /I "." /I "C:\Users\taku7\Desktop\最新drone\controller\func_HL_MPCholizontal" /I ".\interface" /I "C:\Program Files\MATLAB\R2020a\extern\include" /I "." -DHAVE_LAPACK_CONFIG_H -DLAPACK_COMPLEX_STRUCTURE -DMW_HAVE_LAPACK_DECLS -DMODEL=L_HL_MPCfunc_mex   PresolveWorkingSet.c /Fobuild\win64\PresolveWorkingSet.obj
PresolveWorkingSet.c
[58/87] cl /c /Zp8 /GR /W3 /EHs /nologo /MD /D_CRT_SECURE_NO_DEPRECATE /D_SCL_SECURE_NO_DEPRECATE /D_SECURE_SCL=0   /DMATLAB_MEX_FILE  /DMATLAB_MEX_FILE /O2 /Oy- /DNDEBUG /fp:strict /I "." /I "C:\Users\taku7\Desktop\最新drone\controller\func_HL_MPCholizontal" /I ".\interface" /I "C:\Program Files\MATLAB\R2020a\extern\include" /I "." -DHAVE_LAPACK_CONFIG_H -DLAPACK_COMPLEX_STRUCTURE -DMW_HAVE_LAPACK_DECLS -DMODEL=L_HL_MPCfunc_mex   xdot.c /Fobuild\win64\xdot.obj
xdot.c
[59/87] cl /c /Zp8 /GR /W3 /EHs /nologo /MD /D_CRT_SECURE_NO_DEPRECATE /D_SCL_SECURE_NO_DEPRECATE /D_SECURE_SCL=0   /DMATLAB_MEX_FILE  /DMATLAB_MEX_FILE /O2 /Oy- /DNDEBUG /fp:strict /I "." /I "C:\Users\taku7\Desktop\最新drone\controller\func_HL_MPCholizontal" /I ".\interface" /I "C:\Program Files\MATLAB\R2020a\extern\include" /I "." -DHAVE_LAPACK_CONFIG_H -DLAPACK_COMPLEX_STRUCTURE -DMW_HAVE_LAPACK_DECLS -DMODEL=L_HL_MPCfunc_mex   xnrm2.c /Fobuild\win64\xnrm2.obj
xnrm2.c
[60/87] cl /c /Zp8 /GR /W3 /EHs /nologo /MD /D_CRT_SECURE_NO_DEPRECATE /D_SCL_SECURE_NO_DEPRECATE /D_SECURE_SCL=0   /DMATLAB_MEX_FILE  /DMATLAB_MEX_FILE /O2 /Oy- /DNDEBUG /fp:strict /I "." /I "C:\Users\taku7\Desktop\最新drone\controller\func_HL_MPCholizontal" /I ".\interface" /I "C:\Program Files\MATLAB\R2020a\extern\include" /I "." -DHAVE_LAPACK_CONFIG_H -DLAPACK_COMPLEX_STRUCTURE -DMW_HAVE_LAPACK_DECLS -DMODEL=L_HL_MPCfunc_mex   xorgqr.c /Fobuild\win64\xorgqr.obj
xorgqr.c
[61/87] cl /c /Zp8 /GR /W3 /EHs /nologo /MD /D_CRT_SECURE_NO_DEPRECATE /D_SCL_SECURE_NO_DEPRECATE /D_SECURE_SCL=0   /DMATLAB_MEX_FILE  /DMATLAB_MEX_FILE /O2 /Oy- /DNDEBUG /fp:strict /I "." /I "C:\Users\taku7\Desktop\最新drone\controller\func_HL_MPCholizontal" /I ".\interface" /I "C:\Program Files\MATLAB\R2020a\extern\include" /I "." -DHAVE_LAPACK_CONFIG_H -DLAPACK_COMPLEX_STRUCTURE -DMW_HAVE_LAPACK_DECLS -DMODEL=L_HL_MPCfunc_mex   L_HL_MPCfunc.c /Fobuild\win64\L_HL_MPCfunc.obj
L_HL_MPCfunc.c
[62/87] cl /c /Zp8 /GR /W3 /EHs /nologo /MD /D_CRT_SECURE_NO_DEPRECATE /D_SCL_SECURE_NO_DEPRECATE /D_SECURE_SCL=0   /DMATLAB_MEX_FILE  /DMATLAB_MEX_FILE /O2 /Oy- /DNDEBUG /fp:strict /I "." /I "C:\Users\taku7\Desktop\最新drone\controller\func_HL_MPCholizontal" /I ".\interface" /I "C:\Program Files\MATLAB\R2020a\extern\include" /I "." -DHAVE_LAPACK_CONFIG_H -DLAPACK_COMPLEX_STRUCTURE -DMW_HAVE_LAPACK_DECLS -DMODEL=L_HL_MPCfunc_mex   countsort.c /Fobuild\win64\countsort.obj
countsort.c
[63/87] cl /c /Zp8 /GR /W3 /EHs /nologo /MD /D_CRT_SECURE_NO_DEPRECATE /D_SCL_SECURE_NO_DEPRECATE /D_SECURE_SCL=0   /DMATLAB_MEX_FILE  /DMATLAB_MEX_FILE /O2 /Oy- /DNDEBUG /fp:strict /I "." /I "C:\Users\taku7\Desktop\最新drone\controller\func_HL_MPCholizontal" /I ".\interface" /I "C:\Program Files\MATLAB\R2020a\extern\include" /I "." -DHAVE_LAPACK_CONFIG_H -DLAPACK_COMPLEX_STRUCTURE -DMW_HAVE_LAPACK_DECLS -DMODEL=L_HL_MPCfunc_mex   xpotrf.c /Fobuild\win64\xpotrf.obj
xpotrf.c
[64/87] cl /c /Zp8 /GR /W3 /EHs /nologo /MD /D_CRT_SECURE_NO_DEPRECATE /D_SCL_SECURE_NO_DEPRECATE /D_SECURE_SCL=0   /DMATLAB_MEX_FILE  /DMATLAB_MEX_FILE /O2 /Oy- /DNDEBUG /fp:strict /I "." /I "C:\Users\taku7\Desktop\最新drone\controller\func_HL_MPCholizontal" /I ".\interface" /I "C:\Program Files\MATLAB\R2020a\extern\include" /I "." -DHAVE_LAPACK_CONFIG_H -DLAPACK_COMPLEX_STRUCTURE -DMW_HAVE_LAPACK_DECLS -DMODEL=L_HL_MPCfunc_mex   xtrsm.c /Fobuild\win64\xtrsm.obj
xtrsm.c
[65/87] cl /c /Zp8 /GR /W3 /EHs /nologo /MD /D_CRT_SECURE_NO_DEPRECATE /D_SCL_SECURE_NO_DEPRECATE /D_SECURE_SCL=0   /DMATLAB_MEX_FILE  /DMATLAB_MEX_FILE /O2 /Oy- /DNDEBUG /fp:strict /I "." /I "C:\Users\taku7\Desktop\最新drone\controller\func_HL_MPCholizontal" /I ".\interface" /I "C:\Program Files\MATLAB\R2020a\extern\include" /I "." -DHAVE_LAPACK_CONFIG_H -DLAPACK_COMPLEX_STRUCTURE -DMW_HAVE_LAPACK_DECLS -DMODEL=L_HL_MPCfunc_mex   xgemm.c /Fobuild\win64\xgemm.obj
xgemm.c
[66/87] cl /c /Zp8 /GR /W3 /EHs /nologo /MD /D_CRT_SECURE_NO_DEPRECATE /D_SCL_SECURE_NO_DEPRECATE /D_SECURE_SCL=0   /DMATLAB_MEX_FILE  /DMATLAB_MEX_FILE /O2 /Oy- /DNDEBUG /fp:strict /I "." /I "C:\Users\taku7\Desktop\最新drone\controller\func_HL_MPCholizontal" /I ".\interface" /I "C:\Program Files\MATLAB\R2020a\extern\include" /I "." -DHAVE_LAPACK_CONFIG_H -DLAPACK_COMPLEX_STRUCTURE -DMW_HAVE_LAPACK_DECLS -DMODEL=L_HL_MPCfunc_mex   xgeqrf.c /Fobuild\win64\xgeqrf.obj
xgeqrf.c
[67/87] cl /c /Zp8 /GR /W3 /EHs /nologo /MD /D_CRT_SECURE_NO_DEPRECATE /D_SCL_SECURE_NO_DEPRECATE /D_SECURE_SCL=0   /DMATLAB_MEX_FILE  /DMATLAB_MEX_FILE /O2 /Oy- /DNDEBUG /fp:strict /I "." /I "C:\Users\taku7\Desktop\最新drone\controller\func_HL_MPCholizontal" /I ".\interface" /I "C:\Program Files\MATLAB\R2020a\extern\include" /I "." -DHAVE_LAPACK_CONFIG_H -DLAPACK_COMPLEX_STRUCTURE -DMW_HAVE_LAPACK_DECLS -DMODEL=L_HL_MPCfunc_mex   phaseone.c /Fobuild\win64\phaseone.obj
phaseone.c
[68/87] cl /c /Zp8 /GR /W3 /EHs /nologo /MD /D_CRT_SECURE_NO_DEPRECATE /D_SCL_SECURE_NO_DEPRECATE /D_SECURE_SCL=0   /DMATLAB_MEX_FILE  /DMATLAB_MEX_FILE /O2 /Oy- /DNDEBUG /fp:strict /I "." /I "C:\Users\taku7\Desktop\最新drone\controller\func_HL_MPCholizontal" /I ".\interface" /I "C:\Program Files\MATLAB\R2020a\extern\include" /I "." -DHAVE_LAPACK_CONFIG_H -DLAPACK_COMPLEX_STRUCTURE -DMW_HAVE_LAPACK_DECLS -DMODEL=L_HL_MPCfunc_mex   compute_lambda.c /Fobuild\win64\compute_lambda.obj
compute_lambda.c
[69/87] cl /c /Zp8 /GR /W3 /EHs /nologo /MD /D_CRT_SECURE_NO_DEPRECATE /D_SCL_SECURE_NO_DEPRECATE /D_SECURE_SCL=0   /DMATLAB_MEX_FILE  /DMATLAB_MEX_FILE /O2 /Oy- /DNDEBUG /fp:strict /I "." /I "C:\Users\taku7\Desktop\最新drone\controller\func_HL_MPCholizontal" /I ".\interface" /I "C:\Program Files\MATLAB\R2020a\extern\include" /I "." -DHAVE_LAPACK_CONFIG_H -DLAPACK_COMPLEX_STRUCTURE -DMW_HAVE_LAPACK_DECLS -DMODEL=L_HL_MPCfunc_mex   RemoveDependentIneq_.c /Fobuild\win64\RemoveDependentIneq_.obj
RemoveDependentIneq_.c
[70/87] cl /c /Zp8 /GR /W3 /EHs /nologo /MD /D_CRT_SECURE_NO_DEPRECATE /D_SCL_SECURE_NO_DEPRECATE /D_SECURE_SCL=0   /DMATLAB_MEX_FILE  /DMATLAB_MEX_FILE /O2 /Oy- /DNDEBUG /fp:strict /I "." /I "C:\Users\taku7\Desktop\最新drone\controller\func_HL_MPCholizontal" /I ".\interface" /I "C:\Program Files\MATLAB\R2020a\extern\include" /I "." -DHAVE_LAPACK_CONFIG_H -DLAPACK_COMPLEX_STRUCTURE -DMW_HAVE_LAPACK_DECLS -DMODEL=L_HL_MPCfunc_mex   feasibleX0ForWorkingSet.c /Fobuild\win64\feasibleX0ForWorkingSet.obj
feasibleX0ForWorkingSet.c
[71/87] cl /c /Zp8 /GR /W3 /EHs /nologo /MD /D_CRT_SECURE_NO_DEPRECATE /D_SCL_SECURE_NO_DEPRECATE /D_SECURE_SCL=0   /DMATLAB_MEX_FILE  /DMATLAB_MEX_FILE /O2 /Oy- /DNDEBUG /fp:strict /I "." /I "C:\Users\taku7\Desktop\最新drone\controller\func_HL_MPCholizontal" /I ".\interface" /I "C:\Program Files\MATLAB\R2020a\extern\include" /I "." -DHAVE_LAPACK_CONFIG_H -DLAPACK_COMPLEX_STRUCTURE -DMW_HAVE_LAPACK_DECLS -DMODEL=L_HL_MPCfunc_mex   xaxpy.c /Fobuild\win64\xaxpy.obj
xaxpy.c
[72/87] cl /c /Zp8 /GR /W3 /EHs /nologo /MD /D_CRT_SECURE_NO_DEPRECATE /D_SCL_SECURE_NO_DEPRECATE /D_SECURE_SCL=0   /DMATLAB_MEX_FILE  /DMATLAB_MEX_FILE /O2 /Oy- /DNDEBUG /fp:strict /I "." /I "C:\Users\taku7\Desktop\最新drone\controller\func_HL_MPCholizontal" /I ".\interface" /I "C:\Program Files\MATLAB\R2020a\extern\include" /I "." -DHAVE_LAPACK_CONFIG_H -DLAPACK_COMPLEX_STRUCTURE -DMW_HAVE_LAPACK_DECLS -DMODEL=L_HL_MPCfunc_mex   xrot.c /Fobuild\win64\xrot.obj
xrot.c
[73/87] cl /c /Zp8 /GR /W3 /EHs /nologo /MD /D_CRT_SECURE_NO_DEPRECATE /D_SCL_SECURE_NO_DEPRECATE /D_SECURE_SCL=0   /DMATLAB_MEX_FILE  /DMATLAB_MEX_FILE /O2 /Oy- /DNDEBUG /fp:strict /I "." /I "C:\Users\taku7\Desktop\最新drone\controller\func_HL_MPCholizontal" /I ".\interface" /I "C:\Program Files\MATLAB\R2020a\extern\include" /I "." -DHAVE_LAPACK_CONFIG_H -DLAPACK_COMPLEX_STRUCTURE -DMW_HAVE_LAPACK_DECLS -DMODEL=L_HL_MPCfunc_mex   iterate.c /Fobuild\win64\iterate.obj
iterate.c
[74/87] cl /c /Zp8 /GR /W3 /EHs /nologo /MD /D_CRT_SECURE_NO_DEPRECATE /D_SCL_SECURE_NO_DEPRECATE /D_SECURE_SCL=0   /DMATLAB_MEX_FILE  /DMATLAB_MEX_FILE /O2 /Oy- /DNDEBUG /fp:strict /I "." /I "C:\Users\taku7\Desktop\最新drone\controller\func_HL_MPCholizontal" /I ".\interface" /I "C:\Program Files\MATLAB\R2020a\extern\include" /I "." -DHAVE_LAPACK_CONFIG_H -DLAPACK_COMPLEX_STRUCTURE -DMW_HAVE_LAPACK_DECLS -DMODEL=L_HL_MPCfunc_mex   compute_deltax.c /Fobuild\win64\compute_deltax.obj
compute_deltax.c
[75/87] cl /c /Zp8 /GR /W3 /EHs /nologo /MD /D_CRT_SECURE_NO_DEPRECATE /D_SCL_SECURE_NO_DEPRECATE /D_SECURE_SCL=0   /DMATLAB_MEX_FILE  /DMATLAB_MEX_FILE /O2 /Oy- /DNDEBUG /fp:strict /I "." /I "C:\Users\taku7\Desktop\最新drone\controller\func_HL_MPCholizontal" /I ".\interface" /I "C:\Program Files\MATLAB\R2020a\extern\include" /I "." -DHAVE_LAPACK_CONFIG_H -DLAPACK_COMPLEX_STRUCTURE -DMW_HAVE_LAPACK_DECLS -DMODEL=L_HL_MPCfunc_mex   assignResidualsToXSlack.c /Fobuild\win64\assignResidualsToXSlack.obj
assignResidualsToXSlack.c
[76/87] cl /c /Zp8 /GR /W3 /EHs /nologo /MD /D_CRT_SECURE_NO_DEPRECATE /D_SCL_SECURE_NO_DEPRECATE /D_SECURE_SCL=0   /DMATLAB_MEX_FILE  /DMATLAB_MEX_FILE /O2 /Oy- /DNDEBUG /fp:strict /I "." /I "C:\Users\taku7\Desktop\最新drone\controller\func_HL_MPCholizontal" /I ".\interface" /I "C:\Program Files\MATLAB\R2020a\extern\include" /I "." -DHAVE_LAPACK_CONFIG_H -DLAPACK_COMPLEX_STRUCTURE -DMW_HAVE_LAPACK_DECLS -DMODEL=L_HL_MPCfunc_mex   feasibleratiotest.c /Fobuild\win64\feasibleratiotest.obj
feasibleratiotest.c
[77/87] cl /c /Zp8 /GR /W3 /EHs /nologo /MD /D_CRT_SECURE_NO_DEPRECATE /D_SCL_SECURE_NO_DEPRECATE /D_SECURE_SCL=0   /DMATLAB_MEX_FILE  /DMATLAB_MEX_FILE /O2 /Oy- /DNDEBUG /fp:strict /I "." /I "C:\Users\taku7\Desktop\最新drone\controller\func_HL_MPCholizontal" /I ".\interface" /I "C:\Program Files\MATLAB\R2020a\extern\include" /I "." -DHAVE_LAPACK_CONFIG_H -DLAPACK_COMPLEX_STRUCTURE -DMW_HAVE_LAPACK_DECLS -DMODEL=L_HL_MPCfunc_mex   interface\_coder_L_HL_MPCfunc_api.c /Fobuild\win64\_coder_L_HL_MPCfunc_api.obj
_coder_L_HL_MPCfunc_api.c
[78/87] cl /c /Zp8 /GR /W3 /EHs /nologo /MD /D_CRT_SECURE_NO_DEPRECATE /D_SCL_SECURE_NO_DEPRECATE /D_SECURE_SCL=0   /DMATLAB_MEX_FILE  /DMATLAB_MEX_FILE /O2 /Oy- /DNDEBUG /fp:strict /I "." /I "C:\Users\taku7\Desktop\最新drone\controller\func_HL_MPCholizontal" /I ".\interface" /I "C:\Program Files\MATLAB\R2020a\extern\include" /I "." -DHAVE_LAPACK_CONFIG_H -DLAPACK_COMPLEX_STRUCTURE -DMW_HAVE_LAPACK_DECLS -DMODEL=L_HL_MPCfunc_mex   checkStoppingAndUpdateFval.c /Fobuild\win64\checkStoppingAndUpdateFval.obj
checkStoppingAndUpdateFval.c
[79/87] cl /c /Zp8 /GR /W3 /EHs /nologo /MD /D_CRT_SECURE_NO_DEPRECATE /D_SCL_SECURE_NO_DEPRECATE /D_SECURE_SCL=0   /DMATLAB_MEX_FILE  /DMATLAB_MEX_FILE /O2 /Oy- /DNDEBUG /fp:strict /I "." /I "C:\Users\taku7\Desktop\最新drone\controller\func_HL_MPCholizontal" /I ".\interface" /I "C:\Program Files\MATLAB\R2020a\extern\include" /I "." -DHAVE_LAPACK_CONFIG_H -DLAPACK_COMPLEX_STRUCTURE -DMW_HAVE_LAPACK_DECLS -DMODEL=L_HL_MPCfunc_mex   relaxed.c /Fobuild\win64\relaxed.obj
relaxed.c
[80/87] cl /c /Zp8 /GR /W3 /EHs /nologo /MD /D_CRT_SECURE_NO_DEPRECATE /D_SCL_SECURE_NO_DEPRECATE /D_SECURE_SCL=0   /DMATLAB_MEX_FILE  /DMATLAB_MEX_FILE /O2 /Oy- /DNDEBUG /fp:strict /I "." /I "C:\Users\taku7\Desktop\最新drone\controller\func_HL_MPCholizontal" /I ".\interface" /I "C:\Program Files\MATLAB\R2020a\extern\include" /I "." -DHAVE_LAPACK_CONFIG_H -DLAPACK_COMPLEX_STRUCTURE -DMW_HAVE_LAPACK_DECLS -DMODEL=L_HL_MPCfunc_mex   BFGSUpdate.c /Fobuild\win64\BFGSUpdate.obj
BFGSUpdate.c
[81/87] cl /c /Zp8 /GR /W3 /EHs /nologo /MD /D_CRT_SECURE_NO_DEPRECATE /D_SCL_SECURE_NO_DEPRECATE /D_SECURE_SCL=0   /DMATLAB_MEX_FILE  /DMATLAB_MEX_FILE /O2 /Oy- /DNDEBUG /fp:strict /I "." /I "C:\Users\taku7\Desktop\最新drone\controller\func_HL_MPCholizontal" /I ".\interface" /I "C:\Program Files\MATLAB\R2020a\extern\include" /I "." -DHAVE_LAPACK_CONFIG_H -DLAPACK_COMPLEX_STRUCTURE -DMW_HAVE_LAPACK_DECLS -DMODEL=L_HL_MPCfunc_mex   interface\_coder_L_HL_MPCfunc_info.c /Fobuild\win64\_coder_L_HL_MPCfunc_info.obj
_coder_L_HL_MPCfunc_info.c
[82/87] cl /c /Zp8 /GR /W3 /EHs /nologo /MD /D_CRT_SECURE_NO_DEPRECATE /D_SCL_SECURE_NO_DEPRECATE /D_SECURE_SCL=0   /DMATLAB_MEX_FILE  /DMATLAB_MEX_FILE /O2 /Oy- /DNDEBUG /fp:strict /I "." /I "C:\Users\taku7\Desktop\最新drone\controller\func_HL_MPCholizontal" /I ".\interface" /I "C:\Program Files\MATLAB\R2020a\extern\include" /I "." -DHAVE_LAPACK_CONFIG_H -DLAPACK_COMPLEX_STRUCTURE -DMW_HAVE_LAPACK_DECLS -DMODEL=L_HL_MPCfunc_mex   linesearch.c /Fobuild\win64\linesearch.obj
linesearch.c
[83/87] cl /c /Zp8 /GR /W3 /EHs /nologo /MD /D_CRT_SECURE_NO_DEPRECATE /D_SCL_SECURE_NO_DEPRECATE /D_SECURE_SCL=0   /DMATLAB_MEX_FILE  /DMATLAB_MEX_FILE /O2 /Oy- /DNDEBUG /fp:strict /I "." /I "C:\Users\taku7\Desktop\最新drone\controller\func_HL_MPCholizontal" /I ".\interface" /I "C:\Program Files\MATLAB\R2020a\extern\include" /I "." -DHAVE_LAPACK_CONFIG_H -DLAPACK_COMPLEX_STRUCTURE -DMW_HAVE_LAPACK_DECLS -DMODEL=L_HL_MPCfunc_mex   interface\_coder_L_HL_MPCfunc_mex.c /Fobuild\win64\_coder_L_HL_MPCfunc_mex.obj
_coder_L_HL_MPCfunc_mex.c
[84/87] cl /c /Zp8 /GR /W3 /EHs /nologo /MD /D_CRT_SECURE_NO_DEPRECATE /D_SCL_SECURE_NO_DEPRECATE /D_SECURE_SCL=0   /DMATLAB_MEX_FILE  /DMATLAB_MEX_FILE /O2 /Oy- /DNDEBUG /fp:strict /I "." /I "C:\Users\taku7\Desktop\最新drone\controller\func_HL_MPCholizontal" /I ".\interface" /I "C:\Program Files\MATLAB\R2020a\extern\include" /I "." -DHAVE_LAPACK_CONFIG_H -DLAPACK_COMPLEX_STRUCTURE -DMW_HAVE_LAPACK_DECLS -DMODEL=L_HL_MPCfunc_mex   soc.c /Fobuild\win64\soc.obj
soc.c
[85/87] cl /c /Zp8 /GR /W3 /EHs /nologo /MD /D_CRT_SECURE_NO_DEPRECATE /D_SCL_SECURE_NO_DEPRECATE /D_SECURE_SCL=0   /DMATLAB_MEX_FILE  /DMATLAB_MEX_FILE /O2 /Oy- /DNDEBUG /fp:strict /I "." /I "C:\Users\taku7\Desktop\最新drone\controller\func_HL_MPCholizontal" /I ".\interface" /I "C:\Program Files\MATLAB\R2020a\extern\include" /I "." -DHAVE_LAPACK_CONFIG_H -DLAPACK_COMPLEX_STRUCTURE -DMW_HAVE_LAPACK_DECLS -DMODEL=L_HL_MPCfunc_mex   computeDeltaLag.c /Fobuild\win64\computeDeltaLag.obj
computeDeltaLag.c
[86/87] cl /c /Zp8 /GR /W3 /EHs /nologo /MD /D_CRT_SECURE_NO_DEPRECATE /D_SCL_SECURE_NO_DEPRECATE /D_SECURE_SCL=0   /DMATLAB_MEX_FILE  /DMATLAB_MEX_FILE /O2 /Oy- /DNDEBUG /fp:strict /I "." /I "C:\Users\taku7\Desktop\最新drone\controller\func_HL_MPCholizontal" /I ".\interface" /I "C:\Program Files\MATLAB\R2020a\extern\include" /I "." -DHAVE_LAPACK_CONFIG_H -DLAPACK_COMPLEX_STRUCTURE -DMW_HAVE_LAPACK_DECLS -DMODEL=L_HL_MPCfunc_mex   "C:\Program Files\MATLAB\R2020a\extern\version\c_mexapi_version.c" /Fobuild\win64\c_mexapi_version.obj
c_mexapi_version.c
[87/87] link @L_HL_MPCfunc_mex.mexw64.rsp /nologo /manifest   /DLL /LIBPATH:"C:\Program Files\MATLAB\R2020a\extern\lib\win64\microsoft" libmx.lib libmex.lib libmat.lib kernel32.lib user32.lib gdi32.lib winspool.lib comdlg32.lib advapi32.lib shell32.lib ole32.lib oleaut32.lib uuid.lib odbc32.lib odbccp32.lib  /out:"L_HL_MPCfunc_mex.mexw64" /LIBPATH:"C:\Program Files\MATLAB\R2020a\extern\lib\win64\microsoft" libmwblas.lib libmwlapack.lib libemlrt.lib libcovrt.lib libut.lib libmwmathutil.lib  /export:mexFunction /export:mexfilerequiredapiversion /export:emlrtMexFcnProperties /export:L_HL_MPCfunc_initialize /export:L_HL_MPCfunc_terminate /export:L_HL_MPCfunc_atexit /export:L_HL_MPCfunc
   ライブラリ L_HL_MPCfunc_mex.lib とオブジェクト L_HL_MPCfunc_mex.exp を作成中
